<?xml version="1.0" encoding="UTF-8"?>
<testsuite xmlns:xsi="http://www.w3.org/2001/XMLSchema-instance" xsi:noNamespaceSchemaLocation="https://maven.apache.org/surefire/maven-surefire-plugin/xsd/surefire-test-report-3.0.xsd" version="3.0" name="TestSuite" time="3,737.304" tests="30" errors="0" skipped="0" failures="17">
  <properties>
[...]
</properties>
  <testcase name="NewUserSignupbookanpayatHospitalAppointmentWithFreeOpinion" classname="com.onco.webtests.NewUserBookAppointmentRequestCallOnco" time="68.952"/>
  <testcase name="addResultForTestCase" classname="com.onco.webtests.NewUserBookAppointmentRequestCallOnco" time="71.444">
    <failure message="&#10;Can inject only one of &lt;ITestContext, XmlTest&gt; into a @AfterClass annotated addResultForTestCase.&#10;For more information on native dependency injection please refer to http://testng.org/doc/documentation-main.html#native-dependency-injection" type="org.testng.TestNGException"><![CDATA[org.testng.TestNGException: 

Can inject only one of <ITestContext, XmlTest> into a @AfterClass annotated addResultForTestCase.
For more information on native dependency injection please refer to http://testng.org/doc/documentation-main.html#native-dependency-injection
]]></failure>
    <system-out><![CDATA[84513 [main] DEBUG org.apache.http.impl.conn.BasicClientConnectionManager  - Get connection for route {s}->https://backstage.onco.com:443
84517 [main] DEBUG org.apache.http.impl.conn.DefaultClientConnectionOperator  - Connecting to backstage.onco.com:443
84914 [main] DEBUG org.apache.http.client.protocol.RequestAddCookies  - CookieSpec selected: ignoreCookies
84915 [main] DEBUG org.apache.http.client.protocol.RequestAuthCache  - Auth cache not set in the context
84915 [main] DEBUG org.apache.http.client.protocol.RequestTargetAuthentication  - Target auth state: UNCHALLENGED
84916 [main] DEBUG org.apache.http.client.protocol.RequestProxyAuthentication  - Proxy auth state: UNCHALLENGED
84916 [main] DEBUG org.apache.http.impl.client.DefaultHttpClient  - Attempt 1 to execute request
84916 [main] DEBUG org.apache.http.impl.conn.DefaultClientConnection  - Sending request: POST /onco-auth/oapi/user-cred/remove-lead HTTP/1.1
84916 [main] DEBUG org.apache.http.wire  -  >> "POST /onco-auth/oapi/user-cred/remove-lead HTTP/1.1[\r][\n]"
84916 [main] DEBUG org.apache.http.wire  -  >> ":  [\r][\n]"
84916 [main] DEBUG org.apache.http.wire  -  >> "Accept: */*[\r][\n]"
84916 [main] DEBUG org.apache.http.wire  -  >> "Content-Type: application/json; charset=UTF-8[\r][\n]"
84917 [main] DEBUG org.apache.http.wire  -  >> "Content-Length: 83[\r][\n]"
84917 [main] DEBUG org.apache.http.wire  -  >> "Host: backstage.onco.com[\r][\n]"
84917 [main] DEBUG org.apache.http.wire  -  >> "Connection: Keep-Alive[\r][\n]"
84917 [main] DEBUG org.apache.http.wire  -  >> "User-Agent: Apache-HttpClient/4.5.5 (Java/1.8.0_231)[\r][\n]"
84917 [main] DEBUG org.apache.http.wire  -  >> "Accept-Encoding: gzip,deflate[\r][\n]"
84917 [main] DEBUG org.apache.http.wire  -  >> "[\r][\n]"
84917 [main] DEBUG org.apache.http.headers  - >> POST /onco-auth/oapi/user-cred/remove-lead HTTP/1.1
84917 [main] DEBUG org.apache.http.headers  - >> :  
84917 [main] DEBUG org.apache.http.headers  - >> Accept: */*
84917 [main] DEBUG org.apache.http.headers  - >> Content-Type: application/json; charset=UTF-8
84917 [main] DEBUG org.apache.http.headers  - >> Content-Length: 83
84917 [main] DEBUG org.apache.http.headers  - >> Host: backstage.onco.com
84917 [main] DEBUG org.apache.http.headers  - >> Connection: Keep-Alive
84917 [main] DEBUG org.apache.http.headers  - >> User-Agent: Apache-HttpClient/4.5.5 (Java/1.8.0_231)
84917 [main] DEBUG org.apache.http.headers  - >> Accept-Encoding: gzip,deflate
84918 [main] DEBUG org.apache.http.wire  -  >> "{[\n]"
84918 [main] DEBUG org.apache.http.wire  -  >> "    "phoneNumber": "+918310744975",[\n]"
84918 [main] DEBUG org.apache.http.wire  -  >> "    "leadDelSecKey": "Eno0nduK!tthakaPPa@1"[\n]"
84918 [main] DEBUG org.apache.http.wire  -  >> "}"
85332 [main] DEBUG org.apache.http.wire  -  << "HTTP/1.1 200 OK[\r][\n]"
85332 [main] DEBUG org.apache.http.wire  -  << "Server: nginx/1.14.0 (Ubuntu)[\r][\n]"
85333 [main] DEBUG org.apache.http.wire  -  << "Date: Tue, 22 Sep 2020 08:55:15 GMT[\r][\n]"
85333 [main] DEBUG org.apache.http.wire  -  << "Content-Type: application/json; charset=utf-8[\r][\n]"
85333 [main] DEBUG org.apache.http.wire  -  << "Transfer-Encoding: chunked[\r][\n]"
85333 [main] DEBUG org.apache.http.wire  -  << "Connection: keep-alive[\r][\n]"
85333 [main] DEBUG org.apache.http.wire  -  << "Content-Security-Policy: default-src 'self';base-uri 'self';block-all-mixed-content;font-src 'self' https: data:;frame-ancestors 'self';img-src 'self' data:;object-src 'none';script-src 'self';script-src-attr 'none';style-src 'self' https: 'unsafe-inline';upgrade-insecure-requests[\r][\n]"
85333 [main] DEBUG org.apache.http.wire  -  << "X-DNS-Prefetch-Control: off[\r][\n]"
85333 [main] DEBUG org.apache.http.wire  -  << "Expect-CT: max-age=0[\r][\n]"
85333 [main] DEBUG org.apache.http.wire  -  << "X-Frame-Options: SAMEORIGIN[\r][\n]"
85333 [main] DEBUG org.apache.http.wire  -  << "X-Download-Options: noopen[\r][\n]"
85334 [main] DEBUG org.apache.http.wire  -  << "X-Content-Type-Options: nosniff[\r][\n]"
85334 [main] DEBUG org.apache.http.wire  -  << "X-Permitted-Cross-Domain-Policies: none[\r][\n]"
85334 [main] DEBUG org.apache.http.wire  -  << "Referrer-Policy: no-referrer[\r][\n]"
85334 [main] DEBUG org.apache.http.wire  -  << "X-XSS-Protection: 0[\r][\n]"
85334 [main] DEBUG org.apache.http.wire  -  << "Vary: Origin, Accept-Encoding[\r][\n]"
85334 [main] DEBUG org.apache.http.wire  -  << "Access-Control-Allow-Credentials: true[\r][\n]"
85334 [main] DEBUG org.apache.http.wire  -  << "Retry-After: 10[\r][\n]"
85334 [main] DEBUG org.apache.http.wire  -  << "X-RateLimit-Limit: 80[\r][\n]"
85334 [main] DEBUG org.apache.http.wire  -  << "X-RateLimit-Remaining: 79[\r][\n]"
85334 [main] DEBUG org.apache.http.wire  -  << "X-RateLimit-Reset: Tue Sep 22 2020 08:55:25 GMT+0000 (Coordinated Universal Time)[\r][\n]"
85334 [main] DEBUG org.apache.http.wire  -  << "Access-Control-Allow-Methods: GET, POST, OPTIONS[\r][\n]"
85334 [main] DEBUG org.apache.http.wire  -  << "Access-Control-Allow-Headers: DNT,X-CustomHeader,Keep-Alive,User-Agent,X-Requested-With,If-Modified-Since,Cache-Control,Content-Type,Content-Range,Range[\r][\n]"
85334 [main] DEBUG org.apache.http.wire  -  << "Access-Control-Expose-Headers: DNT,X-CustomHeader,Keep-Alive,User-Agent,X-Requested-With,If-Modified-Since,Cache-Control,Content-Type,Content-Range,Range[\r][\n]"
85334 [main] DEBUG org.apache.http.wire  -  << "Content-Encoding: gzip[\r][\n]"
85334 [main] DEBUG org.apache.http.wire  -  << "[\r][\n]"
85335 [main] DEBUG org.apache.http.impl.conn.DefaultClientConnection  - Receiving response: HTTP/1.1 200 OK
85335 [main] DEBUG org.apache.http.headers  - << HTTP/1.1 200 OK
85335 [main] DEBUG org.apache.http.headers  - << Server: nginx/1.14.0 (Ubuntu)
85335 [main] DEBUG org.apache.http.headers  - << Date: Tue, 22 Sep 2020 08:55:15 GMT
85335 [main] DEBUG org.apache.http.headers  - << Content-Type: application/json; charset=utf-8
85335 [main] DEBUG org.apache.http.headers  - << Transfer-Encoding: chunked
85335 [main] DEBUG org.apache.http.headers  - << Connection: keep-alive
85335 [main] DEBUG org.apache.http.headers  - << Content-Security-Policy: default-src 'self';base-uri 'self';block-all-mixed-content;font-src 'self' https: data:;frame-ancestors 'self';img-src 'self' data:;object-src 'none';script-src 'self';script-src-attr 'none';style-src 'self' https: 'unsafe-inline';upgrade-insecure-requests
85335 [main] DEBUG org.apache.http.headers  - << X-DNS-Prefetch-Control: off
85335 [main] DEBUG org.apache.http.headers  - << Expect-CT: max-age=0
85335 [main] DEBUG org.apache.http.headers  - << X-Frame-Options: SAMEORIGIN
85335 [main] DEBUG org.apache.http.headers  - << X-Download-Options: noopen
85335 [main] DEBUG org.apache.http.headers  - << X-Content-Type-Options: nosniff
85335 [main] DEBUG org.apache.http.headers  - << X-Permitted-Cross-Domain-Policies: none
85335 [main] DEBUG org.apache.http.headers  - << Referrer-Policy: no-referrer
85335 [main] DEBUG org.apache.http.headers  - << X-XSS-Protection: 0
85335 [main] DEBUG org.apache.http.headers  - << Vary: Origin, Accept-Encoding
85335 [main] DEBUG org.apache.http.headers  - << Access-Control-Allow-Credentials: true
85335 [main] DEBUG org.apache.http.headers  - << Retry-After: 10
85336 [main] DEBUG org.apache.http.headers  - << X-RateLimit-Limit: 80
85336 [main] DEBUG org.apache.http.headers  - << X-RateLimit-Remaining: 79
85336 [main] DEBUG org.apache.http.headers  - << X-RateLimit-Reset: Tue Sep 22 2020 08:55:25 GMT+0000 (Coordinated Universal Time)
85336 [main] DEBUG org.apache.http.headers  - << Access-Control-Allow-Methods: GET, POST, OPTIONS
85336 [main] DEBUG org.apache.http.headers  - << Access-Control-Allow-Headers: DNT,X-CustomHeader,Keep-Alive,User-Agent,X-Requested-With,If-Modified-Since,Cache-Control,Content-Type,Content-Range,Range
85336 [main] DEBUG org.apache.http.headers  - << Access-Control-Expose-Headers: DNT,X-CustomHeader,Keep-Alive,User-Agent,X-Requested-With,If-Modified-Since,Cache-Control,Content-Type,Content-Range,Range
85336 [main] DEBUG org.apache.http.headers  - << Content-Encoding: gzip
85337 [main] DEBUG org.apache.http.impl.client.DefaultHttpClient  - Connection can be kept alive indefinitely
85361 [main] DEBUG io.restassured.internal.RequestSpecificationImpl$RestAssuredHttpBuilder  - Parsing response as: application/json; charset=utf-8
85363 [main] DEBUG org.apache.http.wire  -  << "5d[\r][\n]"
85363 [main] DEBUG org.apache.http.wire  -  << "[0x1f][0x8b][0x8][0x0][0x0][0x0][0x0][0x0][0x0][0x3][0xab]V[0xca]M-.NLOU[0xb2]R[0xf2]IMLQ([0xcf],[0xc9]P([0xc8][0xc8][0xcf]KU[0xc8]+[0xcd]MJ-RP[0xd7][0xb6]4[0xb4]064071[0xb1]47UWHI[0xcd]I-IMQ(.MN[0x6][0xea]M+[0xcd][0xc9][0xa9][0xd4]S[0xaa][0x5][0x0][0x15]{w[0x82]J[0x0][0x0][0x0]"
85363 [main] DEBUG org.apache.http.wire  -  << "[\r][\n]"
85364 [main] DEBUG org.apache.http.wire  -  << "0[\r][\n]"
85364 [main] DEBUG org.apache.http.wire  -  << "[\r][\n]"
85364 [main] DEBUG io.restassured.internal.RequestSpecificationImpl$RestAssuredHttpBuilder  - Parsed data to instance of: class org.apache.http.conn.EofSensorInputStream
85410 [main] DEBUG org.apache.http.impl.conn.BasicClientConnectionManager  - Releasing connection org.apache.http.impl.conn.ManagedClientConnectionImpl@47fbc56
85410 [main] DEBUG org.apache.http.impl.conn.BasicClientConnectionManager  - Connection can be kept alive indefinitely
{
    "message": "Lead with phone number '+918310744975' deleted successfully."
}
{
    "message": "Lead with phone number '+918310744975' deleted successfully."
}]]></system-out>
  </testcase>
  <testcase name="NewUserSignupbookanpayatHospitalAppointmentWithFreeOpinion" classname="com.onco.webtests.NewUserIneedAnOnlineOpinionForCancerTreatmentNewUserOpinionUSPanel" time="357.667"/>
  <testcase name="addResultForTestCase" classname="com.onco.webtests.NewUserIneedAnOnlineOpinionForCancerTreatmentNewUserOpinionUSPanel" time="358.521">
    <failure message="&#10;Can inject only one of &lt;ITestContext, XmlTest&gt; into a @AfterClass annotated addResultForTestCase.&#10;For more information on native dependency injection please refer to http://testng.org/doc/documentation-main.html#native-dependency-injection" type="org.testng.TestNGException"><![CDATA[org.testng.TestNGException: 

Can inject only one of <ITestContext, XmlTest> into a @AfterClass annotated addResultForTestCase.
For more information on native dependency injection please refer to http://testng.org/doc/documentation-main.html#native-dependency-injection
]]></failure>
    <system-out><![CDATA[454321 [main] DEBUG org.apache.http.impl.conn.BasicClientConnectionManager  - Get connection for route {s}->https://backstage.onco.com:443
454321 [main] DEBUG org.apache.http.impl.conn.BasicClientConnectionManager  - Get connection for route {s}->https://backstage.onco.com:443
454421 [main] DEBUG org.apache.http.impl.conn.DefaultClientConnectionOperator  - Connecting to backstage.onco.com:443
454421 [main] DEBUG org.apache.http.impl.conn.DefaultClientConnectionOperator  - Connecting to backstage.onco.com:443
454823 [main] DEBUG org.apache.http.client.protocol.RequestAddCookies  - CookieSpec selected: ignoreCookies
454823 [main] DEBUG org.apache.http.client.protocol.RequestAddCookies  - CookieSpec selected: ignoreCookies
454823 [main] DEBUG org.apache.http.client.protocol.RequestAuthCache  - Auth cache not set in the context
454823 [main] DEBUG org.apache.http.client.protocol.RequestAuthCache  - Auth cache not set in the context
454823 [main] DEBUG org.apache.http.client.protocol.RequestTargetAuthentication  - Target auth state: UNCHALLENGED
454823 [main] DEBUG org.apache.http.client.protocol.RequestTargetAuthentication  - Target auth state: UNCHALLENGED
454823 [main] DEBUG org.apache.http.client.protocol.RequestProxyAuthentication  - Proxy auth state: UNCHALLENGED
454823 [main] DEBUG org.apache.http.client.protocol.RequestProxyAuthentication  - Proxy auth state: UNCHALLENGED
454823 [main] DEBUG org.apache.http.impl.client.DefaultHttpClient  - Attempt 1 to execute request
454823 [main] DEBUG org.apache.http.impl.client.DefaultHttpClient  - Attempt 1 to execute request
454823 [main] DEBUG org.apache.http.impl.conn.DefaultClientConnection  - Sending request: POST /onco-auth/oapi/user-cred/remove-lead HTTP/1.1
454823 [main] DEBUG org.apache.http.impl.conn.DefaultClientConnection  - Sending request: POST /onco-auth/oapi/user-cred/remove-lead HTTP/1.1
454823 [main] DEBUG org.apache.http.wire  -  >> "POST /onco-auth/oapi/user-cred/remove-lead HTTP/1.1[\r][\n]"
454823 [main] DEBUG org.apache.http.wire  -  >> "POST /onco-auth/oapi/user-cred/remove-lead HTTP/1.1[\r][\n]"
454823 [main] DEBUG org.apache.http.wire  -  >> ":  [\r][\n]"
454823 [main] DEBUG org.apache.http.wire  -  >> ":  [\r][\n]"
454823 [main] DEBUG org.apache.http.wire  -  >> "Accept: */*[\r][\n]"
454823 [main] DEBUG org.apache.http.wire  -  >> "Accept: */*[\r][\n]"
454823 [main] DEBUG org.apache.http.wire  -  >> "Content-Type: application/json; charset=UTF-8[\r][\n]"
454823 [main] DEBUG org.apache.http.wire  -  >> "Content-Type: application/json; charset=UTF-8[\r][\n]"
454823 [main] DEBUG org.apache.http.wire  -  >> "Content-Length: 83[\r][\n]"
454823 [main] DEBUG org.apache.http.wire  -  >> "Content-Length: 83[\r][\n]"
454823 [main] DEBUG org.apache.http.wire  -  >> "Host: backstage.onco.com[\r][\n]"
454823 [main] DEBUG org.apache.http.wire  -  >> "Host: backstage.onco.com[\r][\n]"
454823 [main] DEBUG org.apache.http.wire  -  >> "Connection: Keep-Alive[\r][\n]"
454823 [main] DEBUG org.apache.http.wire  -  >> "Connection: Keep-Alive[\r][\n]"
454823 [main] DEBUG org.apache.http.wire  -  >> "User-Agent: Apache-HttpClient/4.5.5 (Java/1.8.0_231)[\r][\n]"
454823 [main] DEBUG org.apache.http.wire  -  >> "User-Agent: Apache-HttpClient/4.5.5 (Java/1.8.0_231)[\r][\n]"
454824 [main] DEBUG org.apache.http.wire  -  >> "Accept-Encoding: gzip,deflate[\r][\n]"
454824 [main] DEBUG org.apache.http.wire  -  >> "Accept-Encoding: gzip,deflate[\r][\n]"
454824 [main] DEBUG org.apache.http.wire  -  >> "[\r][\n]"
454824 [main] DEBUG org.apache.http.wire  -  >> "[\r][\n]"
454824 [main] DEBUG org.apache.http.headers  - >> POST /onco-auth/oapi/user-cred/remove-lead HTTP/1.1
454824 [main] DEBUG org.apache.http.headers  - >> POST /onco-auth/oapi/user-cred/remove-lead HTTP/1.1
454824 [main] DEBUG org.apache.http.headers  - >> :  
454824 [main] DEBUG org.apache.http.headers  - >> :  
454824 [main] DEBUG org.apache.http.headers  - >> Accept: */*
454824 [main] DEBUG org.apache.http.headers  - >> Accept: */*
454824 [main] DEBUG org.apache.http.headers  - >> Content-Type: application/json; charset=UTF-8
454824 [main] DEBUG org.apache.http.headers  - >> Content-Type: application/json; charset=UTF-8
454824 [main] DEBUG org.apache.http.headers  - >> Content-Length: 83
454824 [main] DEBUG org.apache.http.headers  - >> Content-Length: 83
454824 [main] DEBUG org.apache.http.headers  - >> Host: backstage.onco.com
454824 [main] DEBUG org.apache.http.headers  - >> Host: backstage.onco.com
454824 [main] DEBUG org.apache.http.headers  - >> Connection: Keep-Alive
454824 [main] DEBUG org.apache.http.headers  - >> Connection: Keep-Alive
454824 [main] DEBUG org.apache.http.headers  - >> User-Agent: Apache-HttpClient/4.5.5 (Java/1.8.0_231)
454824 [main] DEBUG org.apache.http.headers  - >> User-Agent: Apache-HttpClient/4.5.5 (Java/1.8.0_231)
454824 [main] DEBUG org.apache.http.headers  - >> Accept-Encoding: gzip,deflate
454824 [main] DEBUG org.apache.http.headers  - >> Accept-Encoding: gzip,deflate
454824 [main] DEBUG org.apache.http.wire  -  >> "{[\n]"
454824 [main] DEBUG org.apache.http.wire  -  >> "{[\n]"
454824 [main] DEBUG org.apache.http.wire  -  >> "    "phoneNumber": "+918310744975",[\n]"
454824 [main] DEBUG org.apache.http.wire  -  >> "    "phoneNumber": "+918310744975",[\n]"
454824 [main] DEBUG org.apache.http.wire  -  >> "    "leadDelSecKey": "Eno0nduK!tthakaPPa@1"[\n]"
454824 [main] DEBUG org.apache.http.wire  -  >> "    "leadDelSecKey": "Eno0nduK!tthakaPPa@1"[\n]"
454824 [main] DEBUG org.apache.http.wire  -  >> "}"
454824 [main] DEBUG org.apache.http.wire  -  >> "}"
455031 [main] DEBUG org.apache.http.wire  -  << "HTTP/1.1 200 OK[\r][\n]"
455031 [main] DEBUG org.apache.http.wire  -  << "HTTP/1.1 200 OK[\r][\n]"
455031 [main] DEBUG org.apache.http.wire  -  << "Server: nginx/1.14.0 (Ubuntu)[\r][\n]"
455031 [main] DEBUG org.apache.http.wire  -  << "Server: nginx/1.14.0 (Ubuntu)[\r][\n]"
455031 [main] DEBUG org.apache.http.wire  -  << "Date: Tue, 22 Sep 2020 09:01:25 GMT[\r][\n]"
455031 [main] DEBUG org.apache.http.wire  -  << "Date: Tue, 22 Sep 2020 09:01:25 GMT[\r][\n]"
455031 [main] DEBUG org.apache.http.wire  -  << "Content-Type: application/json; charset=utf-8[\r][\n]"
455031 [main] DEBUG org.apache.http.wire  -  << "Content-Type: application/json; charset=utf-8[\r][\n]"
455032 [main] DEBUG org.apache.http.wire  -  << "Transfer-Encoding: chunked[\r][\n]"
455032 [main] DEBUG org.apache.http.wire  -  << "Transfer-Encoding: chunked[\r][\n]"
455032 [main] DEBUG org.apache.http.wire  -  << "Connection: keep-alive[\r][\n]"
455032 [main] DEBUG org.apache.http.wire  -  << "Connection: keep-alive[\r][\n]"
455032 [main] DEBUG org.apache.http.wire  -  << "Content-Security-Policy: default-src 'self';base-uri 'self';block-all-mixed-content;font-src 'self' https: data:;frame-ancestors 'self';img-src 'self' data:;object-src 'none';script-src 'self';script-src-attr 'none';style-src 'self' https: 'unsafe-inline';upgrade-insecure-requests[\r][\n]"
455032 [main] DEBUG org.apache.http.wire  -  << "Content-Security-Policy: default-src 'self';base-uri 'self';block-all-mixed-content;font-src 'self' https: data:;frame-ancestors 'self';img-src 'self' data:;object-src 'none';script-src 'self';script-src-attr 'none';style-src 'self' https: 'unsafe-inline';upgrade-insecure-requests[\r][\n]"
455032 [main] DEBUG org.apache.http.wire  -  << "X-DNS-Prefetch-Control: off[\r][\n]"
455032 [main] DEBUG org.apache.http.wire  -  << "X-DNS-Prefetch-Control: off[\r][\n]"
455032 [main] DEBUG org.apache.http.wire  -  << "Expect-CT: max-age=0[\r][\n]"
455032 [main] DEBUG org.apache.http.wire  -  << "Expect-CT: max-age=0[\r][\n]"
455032 [main] DEBUG org.apache.http.wire  -  << "X-Frame-Options: SAMEORIGIN[\r][\n]"
455032 [main] DEBUG org.apache.http.wire  -  << "X-Frame-Options: SAMEORIGIN[\r][\n]"
455032 [main] DEBUG org.apache.http.wire  -  << "X-Download-Options: noopen[\r][\n]"
455032 [main] DEBUG org.apache.http.wire  -  << "X-Download-Options: noopen[\r][\n]"
455032 [main] DEBUG org.apache.http.wire  -  << "X-Content-Type-Options: nosniff[\r][\n]"
455032 [main] DEBUG org.apache.http.wire  -  << "X-Content-Type-Options: nosniff[\r][\n]"
455032 [main] DEBUG org.apache.http.wire  -  << "X-Permitted-Cross-Domain-Policies: none[\r][\n]"
455032 [main] DEBUG org.apache.http.wire  -  << "X-Permitted-Cross-Domain-Policies: none[\r][\n]"
455032 [main] DEBUG org.apache.http.wire  -  << "Referrer-Policy: no-referrer[\r][\n]"
455032 [main] DEBUG org.apache.http.wire  -  << "Referrer-Policy: no-referrer[\r][\n]"
455032 [main] DEBUG org.apache.http.wire  -  << "X-XSS-Protection: 0[\r][\n]"
455032 [main] DEBUG org.apache.http.wire  -  << "X-XSS-Protection: 0[\r][\n]"
455032 [main] DEBUG org.apache.http.wire  -  << "Vary: Origin, Accept-Encoding[\r][\n]"
455032 [main] DEBUG org.apache.http.wire  -  << "Vary: Origin, Accept-Encoding[\r][\n]"
455032 [main] DEBUG org.apache.http.wire  -  << "Access-Control-Allow-Credentials: true[\r][\n]"
455032 [main] DEBUG org.apache.http.wire  -  << "Access-Control-Allow-Credentials: true[\r][\n]"
455032 [main] DEBUG org.apache.http.wire  -  << "Retry-After: 10[\r][\n]"
455032 [main] DEBUG org.apache.http.wire  -  << "Retry-After: 10[\r][\n]"
455032 [main] DEBUG org.apache.http.wire  -  << "X-RateLimit-Limit: 80[\r][\n]"
455032 [main] DEBUG org.apache.http.wire  -  << "X-RateLimit-Limit: 80[\r][\n]"
455032 [main] DEBUG org.apache.http.wire  -  << "X-RateLimit-Remaining: 79[\r][\n]"
455032 [main] DEBUG org.apache.http.wire  -  << "X-RateLimit-Remaining: 79[\r][\n]"
455032 [main] DEBUG org.apache.http.wire  -  << "X-RateLimit-Reset: Tue Sep 22 2020 09:01:35 GMT+0000 (Coordinated Universal Time)[\r][\n]"
455032 [main] DEBUG org.apache.http.wire  -  << "X-RateLimit-Reset: Tue Sep 22 2020 09:01:35 GMT+0000 (Coordinated Universal Time)[\r][\n]"
455032 [main] DEBUG org.apache.http.wire  -  << "Access-Control-Allow-Methods: GET, POST, OPTIONS[\r][\n]"
455032 [main] DEBUG org.apache.http.wire  -  << "Access-Control-Allow-Methods: GET, POST, OPTIONS[\r][\n]"
455032 [main] DEBUG org.apache.http.wire  -  << "Access-Control-Allow-Headers: DNT,X-CustomHeader,Keep-Alive,User-Agent,X-Requested-With,If-Modified-Since,Cache-Control,Content-Type,Content-Range,Range[\r][\n]"
455032 [main] DEBUG org.apache.http.wire  -  << "Access-Control-Allow-Headers: DNT,X-CustomHeader,Keep-Alive,User-Agent,X-Requested-With,If-Modified-Since,Cache-Control,Content-Type,Content-Range,Range[\r][\n]"
455032 [main] DEBUG org.apache.http.wire  -  << "Access-Control-Expose-Headers: DNT,X-CustomHeader,Keep-Alive,User-Agent,X-Requested-With,If-Modified-Since,Cache-Control,Content-Type,Content-Range,Range[\r][\n]"
455032 [main] DEBUG org.apache.http.wire  -  << "Access-Control-Expose-Headers: DNT,X-CustomHeader,Keep-Alive,User-Agent,X-Requested-With,If-Modified-Since,Cache-Control,Content-Type,Content-Range,Range[\r][\n]"
455032 [main] DEBUG org.apache.http.wire  -  << "Content-Encoding: gzip[\r][\n]"
455032 [main] DEBUG org.apache.http.wire  -  << "Content-Encoding: gzip[\r][\n]"
455032 [main] DEBUG org.apache.http.wire  -  << "[\r][\n]"
455032 [main] DEBUG org.apache.http.wire  -  << "[\r][\n]"
455033 [main] DEBUG org.apache.http.impl.conn.DefaultClientConnection  - Receiving response: HTTP/1.1 200 OK
455033 [main] DEBUG org.apache.http.impl.conn.DefaultClientConnection  - Receiving response: HTTP/1.1 200 OK
455033 [main] DEBUG org.apache.http.headers  - << HTTP/1.1 200 OK
455033 [main] DEBUG org.apache.http.headers  - << HTTP/1.1 200 OK
455033 [main] DEBUG org.apache.http.headers  - << Server: nginx/1.14.0 (Ubuntu)
455033 [main] DEBUG org.apache.http.headers  - << Server: nginx/1.14.0 (Ubuntu)
455033 [main] DEBUG org.apache.http.headers  - << Date: Tue, 22 Sep 2020 09:01:25 GMT
455033 [main] DEBUG org.apache.http.headers  - << Date: Tue, 22 Sep 2020 09:01:25 GMT
455033 [main] DEBUG org.apache.http.headers  - << Content-Type: application/json; charset=utf-8
455033 [main] DEBUG org.apache.http.headers  - << Content-Type: application/json; charset=utf-8
455033 [main] DEBUG org.apache.http.headers  - << Transfer-Encoding: chunked
455033 [main] DEBUG org.apache.http.headers  - << Transfer-Encoding: chunked
455033 [main] DEBUG org.apache.http.headers  - << Connection: keep-alive
455033 [main] DEBUG org.apache.http.headers  - << Connection: keep-alive
455033 [main] DEBUG org.apache.http.headers  - << Content-Security-Policy: default-src 'self';base-uri 'self';block-all-mixed-content;font-src 'self' https: data:;frame-ancestors 'self';img-src 'self' data:;object-src 'none';script-src 'self';script-src-attr 'none';style-src 'self' https: 'unsafe-inline';upgrade-insecure-requests
455033 [main] DEBUG org.apache.http.headers  - << Content-Security-Policy: default-src 'self';base-uri 'self';block-all-mixed-content;font-src 'self' https: data:;frame-ancestors 'self';img-src 'self' data:;object-src 'none';script-src 'self';script-src-attr 'none';style-src 'self' https: 'unsafe-inline';upgrade-insecure-requests
455033 [main] DEBUG org.apache.http.headers  - << X-DNS-Prefetch-Control: off
455033 [main] DEBUG org.apache.http.headers  - << X-DNS-Prefetch-Control: off
455033 [main] DEBUG org.apache.http.headers  - << Expect-CT: max-age=0
455033 [main] DEBUG org.apache.http.headers  - << Expect-CT: max-age=0
455033 [main] DEBUG org.apache.http.headers  - << X-Frame-Options: SAMEORIGIN
455033 [main] DEBUG org.apache.http.headers  - << X-Frame-Options: SAMEORIGIN
455033 [main] DEBUG org.apache.http.headers  - << X-Download-Options: noopen
455033 [main] DEBUG org.apache.http.headers  - << X-Download-Options: noopen
455033 [main] DEBUG org.apache.http.headers  - << X-Content-Type-Options: nosniff
455033 [main] DEBUG org.apache.http.headers  - << X-Content-Type-Options: nosniff
455033 [main] DEBUG org.apache.http.headers  - << X-Permitted-Cross-Domain-Policies: none
455033 [main] DEBUG org.apache.http.headers  - << X-Permitted-Cross-Domain-Policies: none
455033 [main] DEBUG org.apache.http.headers  - << Referrer-Policy: no-referrer
455033 [main] DEBUG org.apache.http.headers  - << Referrer-Policy: no-referrer
455033 [main] DEBUG org.apache.http.headers  - << X-XSS-Protection: 0
455033 [main] DEBUG org.apache.http.headers  - << X-XSS-Protection: 0
455033 [main] DEBUG org.apache.http.headers  - << Vary: Origin, Accept-Encoding
455033 [main] DEBUG org.apache.http.headers  - << Vary: Origin, Accept-Encoding
455033 [main] DEBUG org.apache.http.headers  - << Access-Control-Allow-Credentials: true
455033 [main] DEBUG org.apache.http.headers  - << Access-Control-Allow-Credentials: true
455033 [main] DEBUG org.apache.http.headers  - << Retry-After: 10
455033 [main] DEBUG org.apache.http.headers  - << Retry-After: 10
455033 [main] DEBUG org.apache.http.headers  - << X-RateLimit-Limit: 80
455033 [main] DEBUG org.apache.http.headers  - << X-RateLimit-Limit: 80
455033 [main] DEBUG org.apache.http.headers  - << X-RateLimit-Remaining: 79
455033 [main] DEBUG org.apache.http.headers  - << X-RateLimit-Remaining: 79
455033 [main] DEBUG org.apache.http.headers  - << X-RateLimit-Reset: Tue Sep 22 2020 09:01:35 GMT+0000 (Coordinated Universal Time)
455033 [main] DEBUG org.apache.http.headers  - << X-RateLimit-Reset: Tue Sep 22 2020 09:01:35 GMT+0000 (Coordinated Universal Time)
455033 [main] DEBUG org.apache.http.headers  - << Access-Control-Allow-Methods: GET, POST, OPTIONS
455033 [main] DEBUG org.apache.http.headers  - << Access-Control-Allow-Methods: GET, POST, OPTIONS
455033 [main] DEBUG org.apache.http.headers  - << Access-Control-Allow-Headers: DNT,X-CustomHeader,Keep-Alive,User-Agent,X-Requested-With,If-Modified-Since,Cache-Control,Content-Type,Content-Range,Range
455033 [main] DEBUG org.apache.http.headers  - << Access-Control-Allow-Headers: DNT,X-CustomHeader,Keep-Alive,User-Agent,X-Requested-With,If-Modified-Since,Cache-Control,Content-Type,Content-Range,Range
455033 [main] DEBUG org.apache.http.headers  - << Access-Control-Expose-Headers: DNT,X-CustomHeader,Keep-Alive,User-Agent,X-Requested-With,If-Modified-Since,Cache-Control,Content-Type,Content-Range,Range
455033 [main] DEBUG org.apache.http.headers  - << Access-Control-Expose-Headers: DNT,X-CustomHeader,Keep-Alive,User-Agent,X-Requested-With,If-Modified-Since,Cache-Control,Content-Type,Content-Range,Range
455033 [main] DEBUG org.apache.http.headers  - << Content-Encoding: gzip
455033 [main] DEBUG org.apache.http.headers  - << Content-Encoding: gzip
455033 [main] DEBUG org.apache.http.impl.client.DefaultHttpClient  - Connection can be kept alive indefinitely
455033 [main] DEBUG org.apache.http.impl.client.DefaultHttpClient  - Connection can be kept alive indefinitely
455034 [main] DEBUG io.restassured.internal.RequestSpecificationImpl$RestAssuredHttpBuilder  - Parsing response as: application/json; charset=utf-8
455034 [main] DEBUG io.restassured.internal.RequestSpecificationImpl$RestAssuredHttpBuilder  - Parsing response as: application/json; charset=utf-8
455034 [main] DEBUG org.apache.http.wire  -  << "5d[\r][\n]"
455034 [main] DEBUG org.apache.http.wire  -  << "5d[\r][\n]"
455034 [main] DEBUG org.apache.http.wire  -  << "[0x1f][0x8b][0x8][0x0][0x0][0x0][0x0][0x0][0x0][0x3][0xab]V[0xca]M-.NLOU[0xb2]R[0xf2]IMLQ([0xcf],[0xc9]P([0xc8][0xc8][0xcf]KU[0xc8]+[0xcd]MJ-RP[0xd7][0xb6]4[0xb4]064071[0xb1]47UWHI[0xcd]I-IMQ(.MN[0x6][0xea]M+[0xcd][0xc9][0xa9][0xd4]S[0xaa][0x5][0x0][0x15]{w[0x82]J[0x0][0x0][0x0]"
455034 [main] DEBUG org.apache.http.wire  -  << "[0x1f][0x8b][0x8][0x0][0x0][0x0][0x0][0x0][0x0][0x3][0xab]V[0xca]M-.NLOU[0xb2]R[0xf2]IMLQ([0xcf],[0xc9]P([0xc8][0xc8][0xcf]KU[0xc8]+[0xcd]MJ-RP[0xd7][0xb6]4[0xb4]064071[0xb1]47UWHI[0xcd]I-IMQ(.MN[0x6][0xea]M+[0xcd][0xc9][0xa9][0xd4]S[0xaa][0x5][0x0][0x15]{w[0x82]J[0x0][0x0][0x0]"
455034 [main] DEBUG org.apache.http.wire  -  << "[\r][\n]"
455034 [main] DEBUG org.apache.http.wire  -  << "[\r][\n]"
455034 [main] DEBUG org.apache.http.wire  -  << "0[\r][\n]"
455034 [main] DEBUG org.apache.http.wire  -  << "0[\r][\n]"
455034 [main] DEBUG org.apache.http.wire  -  << "[\r][\n]"
455034 [main] DEBUG org.apache.http.wire  -  << "[\r][\n]"
455034 [main] DEBUG io.restassured.internal.RequestSpecificationImpl$RestAssuredHttpBuilder  - Parsed data to instance of: class org.apache.http.conn.EofSensorInputStream
455034 [main] DEBUG io.restassured.internal.RequestSpecificationImpl$RestAssuredHttpBuilder  - Parsed data to instance of: class org.apache.http.conn.EofSensorInputStream
455035 [main] DEBUG org.apache.http.impl.conn.BasicClientConnectionManager  - Releasing connection org.apache.http.impl.conn.ManagedClientConnectionImpl@7e72a6cc
455035 [main] DEBUG org.apache.http.impl.conn.BasicClientConnectionManager  - Releasing connection org.apache.http.impl.conn.ManagedClientConnectionImpl@7e72a6cc
455035 [main] DEBUG org.apache.http.impl.conn.BasicClientConnectionManager  - Connection can be kept alive indefinitely
455035 [main] DEBUG org.apache.http.impl.conn.BasicClientConnectionManager  - Connection can be kept alive indefinitely
{
    "message": "Lead with phone number '+918310744975' deleted successfully."
}
{
    "message": "Lead with phone number '+918310744975' deleted successfully."
}]]></system-out>
  </testcase>
  <testcase name="NewUserSignupbookanpayatHospitalAppointmentWithFreeOpinion" classname="com.onco.webtests.NewUserINeedToBookADiagnosticTest" time="160.321"/>
  <testcase name="addResultForTestCase" classname="com.onco.webtests.NewUserINeedToBookADiagnosticTest" time="161.103">
    <failure message="&#10;Can inject only one of &lt;ITestContext, XmlTest&gt; into a @AfterClass annotated addResultForTestCase.&#10;For more information on native dependency injection please refer to http://testng.org/doc/documentation-main.html#native-dependency-injection" type="org.testng.TestNGException"><![CDATA[org.testng.TestNGException: 

Can inject only one of <ITestContext, XmlTest> into a @AfterClass annotated addResultForTestCase.
For more information on native dependency injection please refer to http://testng.org/doc/documentation-main.html#native-dependency-injection
]]></failure>
    <system-out><![CDATA[626899 [main] DEBUG org.apache.http.impl.conn.BasicClientConnectionManager  - Get connection for route {s}->https://backstage.onco.com:443
626899 [main] DEBUG org.apache.http.impl.conn.BasicClientConnectionManager  - Get connection for route {s}->https://backstage.onco.com:443
626899 [main] DEBUG org.apache.http.impl.conn.BasicClientConnectionManager  - Get connection for route {s}->https://backstage.onco.com:443
626903 [main] DEBUG org.apache.http.impl.conn.DefaultClientConnectionOperator  - Connecting to backstage.onco.com:443
626903 [main] DEBUG org.apache.http.impl.conn.DefaultClientConnectionOperator  - Connecting to backstage.onco.com:443
626903 [main] DEBUG org.apache.http.impl.conn.DefaultClientConnectionOperator  - Connecting to backstage.onco.com:443
627310 [main] DEBUG org.apache.http.client.protocol.RequestAddCookies  - CookieSpec selected: ignoreCookies
627310 [main] DEBUG org.apache.http.client.protocol.RequestAddCookies  - CookieSpec selected: ignoreCookies
627310 [main] DEBUG org.apache.http.client.protocol.RequestAddCookies  - CookieSpec selected: ignoreCookies
627310 [main] DEBUG org.apache.http.client.protocol.RequestAuthCache  - Auth cache not set in the context
627310 [main] DEBUG org.apache.http.client.protocol.RequestAuthCache  - Auth cache not set in the context
627310 [main] DEBUG org.apache.http.client.protocol.RequestAuthCache  - Auth cache not set in the context
627310 [main] DEBUG org.apache.http.client.protocol.RequestTargetAuthentication  - Target auth state: UNCHALLENGED
627310 [main] DEBUG org.apache.http.client.protocol.RequestTargetAuthentication  - Target auth state: UNCHALLENGED
627310 [main] DEBUG org.apache.http.client.protocol.RequestTargetAuthentication  - Target auth state: UNCHALLENGED
627310 [main] DEBUG org.apache.http.client.protocol.RequestProxyAuthentication  - Proxy auth state: UNCHALLENGED
627310 [main] DEBUG org.apache.http.client.protocol.RequestProxyAuthentication  - Proxy auth state: UNCHALLENGED
627310 [main] DEBUG org.apache.http.client.protocol.RequestProxyAuthentication  - Proxy auth state: UNCHALLENGED
627310 [main] DEBUG org.apache.http.impl.client.DefaultHttpClient  - Attempt 1 to execute request
627310 [main] DEBUG org.apache.http.impl.client.DefaultHttpClient  - Attempt 1 to execute request
627310 [main] DEBUG org.apache.http.impl.client.DefaultHttpClient  - Attempt 1 to execute request
627310 [main] DEBUG org.apache.http.impl.conn.DefaultClientConnection  - Sending request: POST /onco-auth/oapi/user-cred/remove-lead HTTP/1.1
627310 [main] DEBUG org.apache.http.impl.conn.DefaultClientConnection  - Sending request: POST /onco-auth/oapi/user-cred/remove-lead HTTP/1.1
627310 [main] DEBUG org.apache.http.impl.conn.DefaultClientConnection  - Sending request: POST /onco-auth/oapi/user-cred/remove-lead HTTP/1.1
627310 [main] DEBUG org.apache.http.wire  -  >> "POST /onco-auth/oapi/user-cred/remove-lead HTTP/1.1[\r][\n]"
627310 [main] DEBUG org.apache.http.wire  -  >> "POST /onco-auth/oapi/user-cred/remove-lead HTTP/1.1[\r][\n]"
627310 [main] DEBUG org.apache.http.wire  -  >> "POST /onco-auth/oapi/user-cred/remove-lead HTTP/1.1[\r][\n]"
627310 [main] DEBUG org.apache.http.wire  -  >> ":  [\r][\n]"
627310 [main] DEBUG org.apache.http.wire  -  >> ":  [\r][\n]"
627310 [main] DEBUG org.apache.http.wire  -  >> ":  [\r][\n]"
627310 [main] DEBUG org.apache.http.wire  -  >> "Accept: */*[\r][\n]"
627310 [main] DEBUG org.apache.http.wire  -  >> "Accept: */*[\r][\n]"
627310 [main] DEBUG org.apache.http.wire  -  >> "Accept: */*[\r][\n]"
627310 [main] DEBUG org.apache.http.wire  -  >> "Content-Type: application/json; charset=UTF-8[\r][\n]"
627310 [main] DEBUG org.apache.http.wire  -  >> "Content-Type: application/json; charset=UTF-8[\r][\n]"
627310 [main] DEBUG org.apache.http.wire  -  >> "Content-Type: application/json; charset=UTF-8[\r][\n]"
627310 [main] DEBUG org.apache.http.wire  -  >> "Content-Length: 83[\r][\n]"
627310 [main] DEBUG org.apache.http.wire  -  >> "Content-Length: 83[\r][\n]"
627310 [main] DEBUG org.apache.http.wire  -  >> "Content-Length: 83[\r][\n]"
627310 [main] DEBUG org.apache.http.wire  -  >> "Host: backstage.onco.com[\r][\n]"
627310 [main] DEBUG org.apache.http.wire  -  >> "Host: backstage.onco.com[\r][\n]"
627310 [main] DEBUG org.apache.http.wire  -  >> "Host: backstage.onco.com[\r][\n]"
627310 [main] DEBUG org.apache.http.wire  -  >> "Connection: Keep-Alive[\r][\n]"
627310 [main] DEBUG org.apache.http.wire  -  >> "Connection: Keep-Alive[\r][\n]"
627310 [main] DEBUG org.apache.http.wire  -  >> "Connection: Keep-Alive[\r][\n]"
627311 [main] DEBUG org.apache.http.wire  -  >> "User-Agent: Apache-HttpClient/4.5.5 (Java/1.8.0_231)[\r][\n]"
627311 [main] DEBUG org.apache.http.wire  -  >> "User-Agent: Apache-HttpClient/4.5.5 (Java/1.8.0_231)[\r][\n]"
627311 [main] DEBUG org.apache.http.wire  -  >> "User-Agent: Apache-HttpClient/4.5.5 (Java/1.8.0_231)[\r][\n]"
627311 [main] DEBUG org.apache.http.wire  -  >> "Accept-Encoding: gzip,deflate[\r][\n]"
627311 [main] DEBUG org.apache.http.wire  -  >> "Accept-Encoding: gzip,deflate[\r][\n]"
627311 [main] DEBUG org.apache.http.wire  -  >> "Accept-Encoding: gzip,deflate[\r][\n]"
627311 [main] DEBUG org.apache.http.wire  -  >> "[\r][\n]"
627311 [main] DEBUG org.apache.http.wire  -  >> "[\r][\n]"
627311 [main] DEBUG org.apache.http.wire  -  >> "[\r][\n]"
627311 [main] DEBUG org.apache.http.headers  - >> POST /onco-auth/oapi/user-cred/remove-lead HTTP/1.1
627311 [main] DEBUG org.apache.http.headers  - >> POST /onco-auth/oapi/user-cred/remove-lead HTTP/1.1
627311 [main] DEBUG org.apache.http.headers  - >> POST /onco-auth/oapi/user-cred/remove-lead HTTP/1.1
627311 [main] DEBUG org.apache.http.headers  - >> :  
627311 [main] DEBUG org.apache.http.headers  - >> :  
627311 [main] DEBUG org.apache.http.headers  - >> :  
627311 [main] DEBUG org.apache.http.headers  - >> Accept: */*
627311 [main] DEBUG org.apache.http.headers  - >> Accept: */*
627311 [main] DEBUG org.apache.http.headers  - >> Accept: */*
627311 [main] DEBUG org.apache.http.headers  - >> Content-Type: application/json; charset=UTF-8
627311 [main] DEBUG org.apache.http.headers  - >> Content-Type: application/json; charset=UTF-8
627311 [main] DEBUG org.apache.http.headers  - >> Content-Type: application/json; charset=UTF-8
627311 [main] DEBUG org.apache.http.headers  - >> Content-Length: 83
627311 [main] DEBUG org.apache.http.headers  - >> Content-Length: 83
627311 [main] DEBUG org.apache.http.headers  - >> Content-Length: 83
627311 [main] DEBUG org.apache.http.headers  - >> Host: backstage.onco.com
627311 [main] DEBUG org.apache.http.headers  - >> Host: backstage.onco.com
627311 [main] DEBUG org.apache.http.headers  - >> Host: backstage.onco.com
627311 [main] DEBUG org.apache.http.headers  - >> Connection: Keep-Alive
627311 [main] DEBUG org.apache.http.headers  - >> Connection: Keep-Alive
627311 [main] DEBUG org.apache.http.headers  - >> Connection: Keep-Alive
627311 [main] DEBUG org.apache.http.headers  - >> User-Agent: Apache-HttpClient/4.5.5 (Java/1.8.0_231)
627311 [main] DEBUG org.apache.http.headers  - >> User-Agent: Apache-HttpClient/4.5.5 (Java/1.8.0_231)
627311 [main] DEBUG org.apache.http.headers  - >> User-Agent: Apache-HttpClient/4.5.5 (Java/1.8.0_231)
627311 [main] DEBUG org.apache.http.headers  - >> Accept-Encoding: gzip,deflate
627311 [main] DEBUG org.apache.http.headers  - >> Accept-Encoding: gzip,deflate
627311 [main] DEBUG org.apache.http.headers  - >> Accept-Encoding: gzip,deflate
627311 [main] DEBUG org.apache.http.wire  -  >> "{[\n]"
627311 [main] DEBUG org.apache.http.wire  -  >> "{[\n]"
627311 [main] DEBUG org.apache.http.wire  -  >> "{[\n]"
627311 [main] DEBUG org.apache.http.wire  -  >> "    "phoneNumber": "+918310744975",[\n]"
627311 [main] DEBUG org.apache.http.wire  -  >> "    "phoneNumber": "+918310744975",[\n]"
627311 [main] DEBUG org.apache.http.wire  -  >> "    "phoneNumber": "+918310744975",[\n]"
627311 [main] DEBUG org.apache.http.wire  -  >> "    "leadDelSecKey": "Eno0nduK!tthakaPPa@1"[\n]"
627311 [main] DEBUG org.apache.http.wire  -  >> "    "leadDelSecKey": "Eno0nduK!tthakaPPa@1"[\n]"
627311 [main] DEBUG org.apache.http.wire  -  >> "    "leadDelSecKey": "Eno0nduK!tthakaPPa@1"[\n]"
627311 [main] DEBUG org.apache.http.wire  -  >> "}"
627311 [main] DEBUG org.apache.http.wire  -  >> "}"
627311 [main] DEBUG org.apache.http.wire  -  >> "}"
627538 [main] DEBUG org.apache.http.wire  -  << "HTTP/1.1 200 OK[\r][\n]"
627538 [main] DEBUG org.apache.http.wire  -  << "HTTP/1.1 200 OK[\r][\n]"
627538 [main] DEBUG org.apache.http.wire  -  << "HTTP/1.1 200 OK[\r][\n]"
627538 [main] DEBUG org.apache.http.wire  -  << "Server: nginx/1.14.0 (Ubuntu)[\r][\n]"
627538 [main] DEBUG org.apache.http.wire  -  << "Server: nginx/1.14.0 (Ubuntu)[\r][\n]"
627538 [main] DEBUG org.apache.http.wire  -  << "Server: nginx/1.14.0 (Ubuntu)[\r][\n]"
627538 [main] DEBUG org.apache.http.wire  -  << "Date: Tue, 22 Sep 2020 09:04:18 GMT[\r][\n]"
627538 [main] DEBUG org.apache.http.wire  -  << "Date: Tue, 22 Sep 2020 09:04:18 GMT[\r][\n]"
627538 [main] DEBUG org.apache.http.wire  -  << "Date: Tue, 22 Sep 2020 09:04:18 GMT[\r][\n]"
627538 [main] DEBUG org.apache.http.wire  -  << "Content-Type: application/json; charset=utf-8[\r][\n]"
627538 [main] DEBUG org.apache.http.wire  -  << "Content-Type: application/json; charset=utf-8[\r][\n]"
627538 [main] DEBUG org.apache.http.wire  -  << "Content-Type: application/json; charset=utf-8[\r][\n]"
627538 [main] DEBUG org.apache.http.wire  -  << "Transfer-Encoding: chunked[\r][\n]"
627538 [main] DEBUG org.apache.http.wire  -  << "Transfer-Encoding: chunked[\r][\n]"
627538 [main] DEBUG org.apache.http.wire  -  << "Transfer-Encoding: chunked[\r][\n]"
627538 [main] DEBUG org.apache.http.wire  -  << "Connection: keep-alive[\r][\n]"
627538 [main] DEBUG org.apache.http.wire  -  << "Connection: keep-alive[\r][\n]"
627538 [main] DEBUG org.apache.http.wire  -  << "Connection: keep-alive[\r][\n]"
627539 [main] DEBUG org.apache.http.wire  -  << "Content-Security-Policy: default-src 'self';base-uri 'self';block-all-mixed-content;font-src 'self' https: data:;frame-ancestors 'self';img-src 'self' data:;object-src 'none';script-src 'self';script-src-attr 'none';style-src 'self' https: 'unsafe-inline';upgrade-insecure-requests[\r][\n]"
627539 [main] DEBUG org.apache.http.wire  -  << "Content-Security-Policy: default-src 'self';base-uri 'self';block-all-mixed-content;font-src 'self' https: data:;frame-ancestors 'self';img-src 'self' data:;object-src 'none';script-src 'self';script-src-attr 'none';style-src 'self' https: 'unsafe-inline';upgrade-insecure-requests[\r][\n]"
627539 [main] DEBUG org.apache.http.wire  -  << "Content-Security-Policy: default-src 'self';base-uri 'self';block-all-mixed-content;font-src 'self' https: data:;frame-ancestors 'self';img-src 'self' data:;object-src 'none';script-src 'self';script-src-attr 'none';style-src 'self' https: 'unsafe-inline';upgrade-insecure-requests[\r][\n]"
627539 [main] DEBUG org.apache.http.wire  -  << "X-DNS-Prefetch-Control: off[\r][\n]"
627539 [main] DEBUG org.apache.http.wire  -  << "X-DNS-Prefetch-Control: off[\r][\n]"
627539 [main] DEBUG org.apache.http.wire  -  << "X-DNS-Prefetch-Control: off[\r][\n]"
627539 [main] DEBUG org.apache.http.wire  -  << "Expect-CT: max-age=0[\r][\n]"
627539 [main] DEBUG org.apache.http.wire  -  << "Expect-CT: max-age=0[\r][\n]"
627539 [main] DEBUG org.apache.http.wire  -  << "Expect-CT: max-age=0[\r][\n]"
627539 [main] DEBUG org.apache.http.wire  -  << "X-Frame-Options: SAMEORIGIN[\r][\n]"
627539 [main] DEBUG org.apache.http.wire  -  << "X-Frame-Options: SAMEORIGIN[\r][\n]"
627539 [main] DEBUG org.apache.http.wire  -  << "X-Frame-Options: SAMEORIGIN[\r][\n]"
627539 [main] DEBUG org.apache.http.wire  -  << "X-Download-Options: noopen[\r][\n]"
627539 [main] DEBUG org.apache.http.wire  -  << "X-Download-Options: noopen[\r][\n]"
627539 [main] DEBUG org.apache.http.wire  -  << "X-Download-Options: noopen[\r][\n]"
627539 [main] DEBUG org.apache.http.wire  -  << "X-Content-Type-Options: nosniff[\r][\n]"
627539 [main] DEBUG org.apache.http.wire  -  << "X-Content-Type-Options: nosniff[\r][\n]"
627539 [main] DEBUG org.apache.http.wire  -  << "X-Content-Type-Options: nosniff[\r][\n]"
627539 [main] DEBUG org.apache.http.wire  -  << "X-Permitted-Cross-Domain-Policies: none[\r][\n]"
627539 [main] DEBUG org.apache.http.wire  -  << "X-Permitted-Cross-Domain-Policies: none[\r][\n]"
627539 [main] DEBUG org.apache.http.wire  -  << "X-Permitted-Cross-Domain-Policies: none[\r][\n]"
627539 [main] DEBUG org.apache.http.wire  -  << "Referrer-Policy: no-referrer[\r][\n]"
627539 [main] DEBUG org.apache.http.wire  -  << "Referrer-Policy: no-referrer[\r][\n]"
627539 [main] DEBUG org.apache.http.wire  -  << "Referrer-Policy: no-referrer[\r][\n]"
627539 [main] DEBUG org.apache.http.wire  -  << "X-XSS-Protection: 0[\r][\n]"
627539 [main] DEBUG org.apache.http.wire  -  << "X-XSS-Protection: 0[\r][\n]"
627539 [main] DEBUG org.apache.http.wire  -  << "X-XSS-Protection: 0[\r][\n]"
627539 [main] DEBUG org.apache.http.wire  -  << "Vary: Origin, Accept-Encoding[\r][\n]"
627539 [main] DEBUG org.apache.http.wire  -  << "Vary: Origin, Accept-Encoding[\r][\n]"
627539 [main] DEBUG org.apache.http.wire  -  << "Vary: Origin, Accept-Encoding[\r][\n]"
627539 [main] DEBUG org.apache.http.wire  -  << "Access-Control-Allow-Credentials: true[\r][\n]"
627539 [main] DEBUG org.apache.http.wire  -  << "Access-Control-Allow-Credentials: true[\r][\n]"
627539 [main] DEBUG org.apache.http.wire  -  << "Access-Control-Allow-Credentials: true[\r][\n]"
627539 [main] DEBUG org.apache.http.wire  -  << "Retry-After: 10[\r][\n]"
627539 [main] DEBUG org.apache.http.wire  -  << "Retry-After: 10[\r][\n]"
627539 [main] DEBUG org.apache.http.wire  -  << "Retry-After: 10[\r][\n]"
627539 [main] DEBUG org.apache.http.wire  -  << "X-RateLimit-Limit: 80[\r][\n]"
627539 [main] DEBUG org.apache.http.wire  -  << "X-RateLimit-Limit: 80[\r][\n]"
627539 [main] DEBUG org.apache.http.wire  -  << "X-RateLimit-Limit: 80[\r][\n]"
627539 [main] DEBUG org.apache.http.wire  -  << "X-RateLimit-Remaining: 79[\r][\n]"
627539 [main] DEBUG org.apache.http.wire  -  << "X-RateLimit-Remaining: 79[\r][\n]"
627539 [main] DEBUG org.apache.http.wire  -  << "X-RateLimit-Remaining: 79[\r][\n]"
627539 [main] DEBUG org.apache.http.wire  -  << "X-RateLimit-Reset: Tue Sep 22 2020 09:04:27 GMT+0000 (Coordinated Universal Time)[\r][\n]"
627539 [main] DEBUG org.apache.http.wire  -  << "X-RateLimit-Reset: Tue Sep 22 2020 09:04:27 GMT+0000 (Coordinated Universal Time)[\r][\n]"
627539 [main] DEBUG org.apache.http.wire  -  << "X-RateLimit-Reset: Tue Sep 22 2020 09:04:27 GMT+0000 (Coordinated Universal Time)[\r][\n]"
627539 [main] DEBUG org.apache.http.wire  -  << "Access-Control-Allow-Methods: GET, POST, OPTIONS[\r][\n]"
627539 [main] DEBUG org.apache.http.wire  -  << "Access-Control-Allow-Methods: GET, POST, OPTIONS[\r][\n]"
627539 [main] DEBUG org.apache.http.wire  -  << "Access-Control-Allow-Methods: GET, POST, OPTIONS[\r][\n]"
627539 [main] DEBUG org.apache.http.wire  -  << "Access-Control-Allow-Headers: DNT,X-CustomHeader,Keep-Alive,User-Agent,X-Requested-With,If-Modified-Since,Cache-Control,Content-Type,Content-Range,Range[\r][\n]"
627539 [main] DEBUG org.apache.http.wire  -  << "Access-Control-Allow-Headers: DNT,X-CustomHeader,Keep-Alive,User-Agent,X-Requested-With,If-Modified-Since,Cache-Control,Content-Type,Content-Range,Range[\r][\n]"
627539 [main] DEBUG org.apache.http.wire  -  << "Access-Control-Allow-Headers: DNT,X-CustomHeader,Keep-Alive,User-Agent,X-Requested-With,If-Modified-Since,Cache-Control,Content-Type,Content-Range,Range[\r][\n]"
627539 [main] DEBUG org.apache.http.wire  -  << "Access-Control-Expose-Headers: DNT,X-CustomHeader,Keep-Alive,User-Agent,X-Requested-With,If-Modified-Since,Cache-Control,Content-Type,Content-Range,Range[\r][\n]"
627539 [main] DEBUG org.apache.http.wire  -  << "Access-Control-Expose-Headers: DNT,X-CustomHeader,Keep-Alive,User-Agent,X-Requested-With,If-Modified-Since,Cache-Control,Content-Type,Content-Range,Range[\r][\n]"
627539 [main] DEBUG org.apache.http.wire  -  << "Access-Control-Expose-Headers: DNT,X-CustomHeader,Keep-Alive,User-Agent,X-Requested-With,If-Modified-Since,Cache-Control,Content-Type,Content-Range,Range[\r][\n]"
627540 [main] DEBUG org.apache.http.wire  -  << "Content-Encoding: gzip[\r][\n]"
627540 [main] DEBUG org.apache.http.wire  -  << "Content-Encoding: gzip[\r][\n]"
627540 [main] DEBUG org.apache.http.wire  -  << "Content-Encoding: gzip[\r][\n]"
627540 [main] DEBUG org.apache.http.wire  -  << "[\r][\n]"
627540 [main] DEBUG org.apache.http.wire  -  << "[\r][\n]"
627540 [main] DEBUG org.apache.http.wire  -  << "[\r][\n]"
627540 [main] DEBUG org.apache.http.impl.conn.DefaultClientConnection  - Receiving response: HTTP/1.1 200 OK
627540 [main] DEBUG org.apache.http.impl.conn.DefaultClientConnection  - Receiving response: HTTP/1.1 200 OK
627540 [main] DEBUG org.apache.http.impl.conn.DefaultClientConnection  - Receiving response: HTTP/1.1 200 OK
627540 [main] DEBUG org.apache.http.headers  - << HTTP/1.1 200 OK
627540 [main] DEBUG org.apache.http.headers  - << HTTP/1.1 200 OK
627540 [main] DEBUG org.apache.http.headers  - << HTTP/1.1 200 OK
627540 [main] DEBUG org.apache.http.headers  - << Server: nginx/1.14.0 (Ubuntu)
627540 [main] DEBUG org.apache.http.headers  - << Server: nginx/1.14.0 (Ubuntu)
627540 [main] DEBUG org.apache.http.headers  - << Server: nginx/1.14.0 (Ubuntu)
627540 [main] DEBUG org.apache.http.headers  - << Date: Tue, 22 Sep 2020 09:04:18 GMT
627540 [main] DEBUG org.apache.http.headers  - << Date: Tue, 22 Sep 2020 09:04:18 GMT
627540 [main] DEBUG org.apache.http.headers  - << Date: Tue, 22 Sep 2020 09:04:18 GMT
627540 [main] DEBUG org.apache.http.headers  - << Content-Type: application/json; charset=utf-8
627540 [main] DEBUG org.apache.http.headers  - << Content-Type: application/json; charset=utf-8
627540 [main] DEBUG org.apache.http.headers  - << Content-Type: application/json; charset=utf-8
627540 [main] DEBUG org.apache.http.headers  - << Transfer-Encoding: chunked
627540 [main] DEBUG org.apache.http.headers  - << Transfer-Encoding: chunked
627540 [main] DEBUG org.apache.http.headers  - << Transfer-Encoding: chunked
627540 [main] DEBUG org.apache.http.headers  - << Connection: keep-alive
627540 [main] DEBUG org.apache.http.headers  - << Connection: keep-alive
627540 [main] DEBUG org.apache.http.headers  - << Connection: keep-alive
627540 [main] DEBUG org.apache.http.headers  - << Content-Security-Policy: default-src 'self';base-uri 'self';block-all-mixed-content;font-src 'self' https: data:;frame-ancestors 'self';img-src 'self' data:;object-src 'none';script-src 'self';script-src-attr 'none';style-src 'self' https: 'unsafe-inline';upgrade-insecure-requests
627540 [main] DEBUG org.apache.http.headers  - << Content-Security-Policy: default-src 'self';base-uri 'self';block-all-mixed-content;font-src 'self' https: data:;frame-ancestors 'self';img-src 'self' data:;object-src 'none';script-src 'self';script-src-attr 'none';style-src 'self' https: 'unsafe-inline';upgrade-insecure-requests
627540 [main] DEBUG org.apache.http.headers  - << Content-Security-Policy: default-src 'self';base-uri 'self';block-all-mixed-content;font-src 'self' https: data:;frame-ancestors 'self';img-src 'self' data:;object-src 'none';script-src 'self';script-src-attr 'none';style-src 'self' https: 'unsafe-inline';upgrade-insecure-requests
627540 [main] DEBUG org.apache.http.headers  - << X-DNS-Prefetch-Control: off
627540 [main] DEBUG org.apache.http.headers  - << X-DNS-Prefetch-Control: off
627540 [main] DEBUG org.apache.http.headers  - << X-DNS-Prefetch-Control: off
627540 [main] DEBUG org.apache.http.headers  - << Expect-CT: max-age=0
627540 [main] DEBUG org.apache.http.headers  - << Expect-CT: max-age=0
627540 [main] DEBUG org.apache.http.headers  - << Expect-CT: max-age=0
627540 [main] DEBUG org.apache.http.headers  - << X-Frame-Options: SAMEORIGIN
627540 [main] DEBUG org.apache.http.headers  - << X-Frame-Options: SAMEORIGIN
627540 [main] DEBUG org.apache.http.headers  - << X-Frame-Options: SAMEORIGIN
627540 [main] DEBUG org.apache.http.headers  - << X-Download-Options: noopen
627540 [main] DEBUG org.apache.http.headers  - << X-Download-Options: noopen
627540 [main] DEBUG org.apache.http.headers  - << X-Download-Options: noopen
627540 [main] DEBUG org.apache.http.headers  - << X-Content-Type-Options: nosniff
627540 [main] DEBUG org.apache.http.headers  - << X-Content-Type-Options: nosniff
627540 [main] DEBUG org.apache.http.headers  - << X-Content-Type-Options: nosniff
627540 [main] DEBUG org.apache.http.headers  - << X-Permitted-Cross-Domain-Policies: none
627540 [main] DEBUG org.apache.http.headers  - << X-Permitted-Cross-Domain-Policies: none
627540 [main] DEBUG org.apache.http.headers  - << X-Permitted-Cross-Domain-Policies: none
627540 [main] DEBUG org.apache.http.headers  - << Referrer-Policy: no-referrer
627540 [main] DEBUG org.apache.http.headers  - << Referrer-Policy: no-referrer
627540 [main] DEBUG org.apache.http.headers  - << Referrer-Policy: no-referrer
627540 [main] DEBUG org.apache.http.headers  - << X-XSS-Protection: 0
627540 [main] DEBUG org.apache.http.headers  - << X-XSS-Protection: 0
627540 [main] DEBUG org.apache.http.headers  - << X-XSS-Protection: 0
627540 [main] DEBUG org.apache.http.headers  - << Vary: Origin, Accept-Encoding
627540 [main] DEBUG org.apache.http.headers  - << Vary: Origin, Accept-Encoding
627540 [main] DEBUG org.apache.http.headers  - << Vary: Origin, Accept-Encoding
627540 [main] DEBUG org.apache.http.headers  - << Access-Control-Allow-Credentials: true
627540 [main] DEBUG org.apache.http.headers  - << Access-Control-Allow-Credentials: true
627540 [main] DEBUG org.apache.http.headers  - << Access-Control-Allow-Credentials: true
627540 [main] DEBUG org.apache.http.headers  - << Retry-After: 10
627540 [main] DEBUG org.apache.http.headers  - << Retry-After: 10
627540 [main] DEBUG org.apache.http.headers  - << Retry-After: 10
627540 [main] DEBUG org.apache.http.headers  - << X-RateLimit-Limit: 80
627540 [main] DEBUG org.apache.http.headers  - << X-RateLimit-Limit: 80
627540 [main] DEBUG org.apache.http.headers  - << X-RateLimit-Limit: 80
627540 [main] DEBUG org.apache.http.headers  - << X-RateLimit-Remaining: 79
627540 [main] DEBUG org.apache.http.headers  - << X-RateLimit-Remaining: 79
627540 [main] DEBUG org.apache.http.headers  - << X-RateLimit-Remaining: 79
627540 [main] DEBUG org.apache.http.headers  - << X-RateLimit-Reset: Tue Sep 22 2020 09:04:27 GMT+0000 (Coordinated Universal Time)
627540 [main] DEBUG org.apache.http.headers  - << X-RateLimit-Reset: Tue Sep 22 2020 09:04:27 GMT+0000 (Coordinated Universal Time)
627540 [main] DEBUG org.apache.http.headers  - << X-RateLimit-Reset: Tue Sep 22 2020 09:04:27 GMT+0000 (Coordinated Universal Time)
627541 [main] DEBUG org.apache.http.headers  - << Access-Control-Allow-Methods: GET, POST, OPTIONS
627541 [main] DEBUG org.apache.http.headers  - << Access-Control-Allow-Methods: GET, POST, OPTIONS
627541 [main] DEBUG org.apache.http.headers  - << Access-Control-Allow-Methods: GET, POST, OPTIONS
627541 [main] DEBUG org.apache.http.headers  - << Access-Control-Allow-Headers: DNT,X-CustomHeader,Keep-Alive,User-Agent,X-Requested-With,If-Modified-Since,Cache-Control,Content-Type,Content-Range,Range
627541 [main] DEBUG org.apache.http.headers  - << Access-Control-Allow-Headers: DNT,X-CustomHeader,Keep-Alive,User-Agent,X-Requested-With,If-Modified-Since,Cache-Control,Content-Type,Content-Range,Range
627541 [main] DEBUG org.apache.http.headers  - << Access-Control-Allow-Headers: DNT,X-CustomHeader,Keep-Alive,User-Agent,X-Requested-With,If-Modified-Since,Cache-Control,Content-Type,Content-Range,Range
627541 [main] DEBUG org.apache.http.headers  - << Access-Control-Expose-Headers: DNT,X-CustomHeader,Keep-Alive,User-Agent,X-Requested-With,If-Modified-Since,Cache-Control,Content-Type,Content-Range,Range
627541 [main] DEBUG org.apache.http.headers  - << Access-Control-Expose-Headers: DNT,X-CustomHeader,Keep-Alive,User-Agent,X-Requested-With,If-Modified-Since,Cache-Control,Content-Type,Content-Range,Range
627541 [main] DEBUG org.apache.http.headers  - << Access-Control-Expose-Headers: DNT,X-CustomHeader,Keep-Alive,User-Agent,X-Requested-With,If-Modified-Since,Cache-Control,Content-Type,Content-Range,Range
627541 [main] DEBUG org.apache.http.headers  - << Content-Encoding: gzip
627541 [main] DEBUG org.apache.http.headers  - << Content-Encoding: gzip
627541 [main] DEBUG org.apache.http.headers  - << Content-Encoding: gzip
627541 [main] DEBUG org.apache.http.impl.client.DefaultHttpClient  - Connection can be kept alive indefinitely
627541 [main] DEBUG org.apache.http.impl.client.DefaultHttpClient  - Connection can be kept alive indefinitely
627541 [main] DEBUG org.apache.http.impl.client.DefaultHttpClient  - Connection can be kept alive indefinitely
627541 [main] DEBUG io.restassured.internal.RequestSpecificationImpl$RestAssuredHttpBuilder  - Parsing response as: application/json; charset=utf-8
627541 [main] DEBUG io.restassured.internal.RequestSpecificationImpl$RestAssuredHttpBuilder  - Parsing response as: application/json; charset=utf-8
627541 [main] DEBUG io.restassured.internal.RequestSpecificationImpl$RestAssuredHttpBuilder  - Parsing response as: application/json; charset=utf-8
627542 [main] DEBUG org.apache.http.wire  -  << "5d[\r][\n]"
627542 [main] DEBUG org.apache.http.wire  -  << "5d[\r][\n]"
627542 [main] DEBUG org.apache.http.wire  -  << "5d[\r][\n]"
627542 [main] DEBUG org.apache.http.wire  -  << "[0x1f][0x8b][0x8][0x0][0x0][0x0][0x0][0x0][0x0][0x3][0xab]V[0xca]M-.NLOU[0xb2]R[0xf2]IMLQ([0xcf],[0xc9]P([0xc8][0xc8][0xcf]KU[0xc8]+[0xcd]MJ-RP[0xd7][0xb6]4[0xb4]064071[0xb1]47UWHI[0xcd]I-IMQ(.MN[0x6][0xea]M+[0xcd][0xc9][0xa9][0xd4]S[0xaa][0x5][0x0][0x15]{w[0x82]J[0x0][0x0][0x0]"
627542 [main] DEBUG org.apache.http.wire  -  << "[0x1f][0x8b][0x8][0x0][0x0][0x0][0x0][0x0][0x0][0x3][0xab]V[0xca]M-.NLOU[0xb2]R[0xf2]IMLQ([0xcf],[0xc9]P([0xc8][0xc8][0xcf]KU[0xc8]+[0xcd]MJ-RP[0xd7][0xb6]4[0xb4]064071[0xb1]47UWHI[0xcd]I-IMQ(.MN[0x6][0xea]M+[0xcd][0xc9][0xa9][0xd4]S[0xaa][0x5][0x0][0x15]{w[0x82]J[0x0][0x0][0x0]"
627542 [main] DEBUG org.apache.http.wire  -  << "[0x1f][0x8b][0x8][0x0][0x0][0x0][0x0][0x0][0x0][0x3][0xab]V[0xca]M-.NLOU[0xb2]R[0xf2]IMLQ([0xcf],[0xc9]P([0xc8][0xc8][0xcf]KU[0xc8]+[0xcd]MJ-RP[0xd7][0xb6]4[0xb4]064071[0xb1]47UWHI[0xcd]I-IMQ(.MN[0x6][0xea]M+[0xcd][0xc9][0xa9][0xd4]S[0xaa][0x5][0x0][0x15]{w[0x82]J[0x0][0x0][0x0]"
627542 [main] DEBUG org.apache.http.wire  -  << "[\r][\n]"
627542 [main] DEBUG org.apache.http.wire  -  << "[\r][\n]"
627542 [main] DEBUG org.apache.http.wire  -  << "[\r][\n]"
627542 [main] DEBUG org.apache.http.wire  -  << "0[\r][\n]"
627542 [main] DEBUG org.apache.http.wire  -  << "0[\r][\n]"
627542 [main] DEBUG org.apache.http.wire  -  << "0[\r][\n]"
627542 [main] DEBUG org.apache.http.wire  -  << "[\r][\n]"
627542 [main] DEBUG org.apache.http.wire  -  << "[\r][\n]"
627542 [main] DEBUG org.apache.http.wire  -  << "[\r][\n]"
627542 [main] DEBUG io.restassured.internal.RequestSpecificationImpl$RestAssuredHttpBuilder  - Parsed data to instance of: class org.apache.http.conn.EofSensorInputStream
627542 [main] DEBUG io.restassured.internal.RequestSpecificationImpl$RestAssuredHttpBuilder  - Parsed data to instance of: class org.apache.http.conn.EofSensorInputStream
627542 [main] DEBUG io.restassured.internal.RequestSpecificationImpl$RestAssuredHttpBuilder  - Parsed data to instance of: class org.apache.http.conn.EofSensorInputStream
627543 [main] DEBUG org.apache.http.impl.conn.BasicClientConnectionManager  - Releasing connection org.apache.http.impl.conn.ManagedClientConnectionImpl@2c63762b
627543 [main] DEBUG org.apache.http.impl.conn.BasicClientConnectionManager  - Releasing connection org.apache.http.impl.conn.ManagedClientConnectionImpl@2c63762b
627543 [main] DEBUG org.apache.http.impl.conn.BasicClientConnectionManager  - Releasing connection org.apache.http.impl.conn.ManagedClientConnectionImpl@2c63762b
627543 [main] DEBUG org.apache.http.impl.conn.BasicClientConnectionManager  - Connection can be kept alive indefinitely
627543 [main] DEBUG org.apache.http.impl.conn.BasicClientConnectionManager  - Connection can be kept alive indefinitely
627543 [main] DEBUG org.apache.http.impl.conn.BasicClientConnectionManager  - Connection can be kept alive indefinitely
{
    "message": "Lead with phone number '+918310744975' deleted successfully."
}
{
    "message": "Lead with phone number '+918310744975' deleted successfully."
}]]></system-out>
  </testcase>
  <testcase name="NewUserSignupbookanpayatHospitalAppointmentWithFreeOpinion" classname="com.onco.webtests.NewUserINeedToBookADiagnosticTestRequestCallOnco" time="107.831"/>
  <testcase name="addResultForTestCase" classname="com.onco.webtests.NewUserINeedToBookADiagnosticTestRequestCallOnco" time="108.68">
    <failure message="&#10;Can inject only one of &lt;ITestContext, XmlTest&gt; into a @AfterClass annotated addResultForTestCase.&#10;For more information on native dependency injection please refer to http://testng.org/doc/documentation-main.html#native-dependency-injection" type="org.testng.TestNGException"><![CDATA[org.testng.TestNGException: 

Can inject only one of <ITestContext, XmlTest> into a @AfterClass annotated addResultForTestCase.
For more information on native dependency injection please refer to http://testng.org/doc/documentation-main.html#native-dependency-injection
]]></failure>
    <system-out><![CDATA[746945 [main] DEBUG org.apache.http.impl.conn.BasicClientConnectionManager  - Get connection for route {s}->https://backstage.onco.com:443
746945 [main] DEBUG org.apache.http.impl.conn.BasicClientConnectionManager  - Get connection for route {s}->https://backstage.onco.com:443
746945 [main] DEBUG org.apache.http.impl.conn.BasicClientConnectionManager  - Get connection for route {s}->https://backstage.onco.com:443
746945 [main] DEBUG org.apache.http.impl.conn.BasicClientConnectionManager  - Get connection for route {s}->https://backstage.onco.com:443
747014 [main] DEBUG org.apache.http.impl.conn.DefaultClientConnectionOperator  - Connecting to backstage.onco.com:443
747014 [main] DEBUG org.apache.http.impl.conn.DefaultClientConnectionOperator  - Connecting to backstage.onco.com:443
747014 [main] DEBUG org.apache.http.impl.conn.DefaultClientConnectionOperator  - Connecting to backstage.onco.com:443
747014 [main] DEBUG org.apache.http.impl.conn.DefaultClientConnectionOperator  - Connecting to backstage.onco.com:443
747390 [main] DEBUG org.apache.http.client.protocol.RequestAddCookies  - CookieSpec selected: ignoreCookies
747390 [main] DEBUG org.apache.http.client.protocol.RequestAddCookies  - CookieSpec selected: ignoreCookies
747390 [main] DEBUG org.apache.http.client.protocol.RequestAddCookies  - CookieSpec selected: ignoreCookies
747390 [main] DEBUG org.apache.http.client.protocol.RequestAddCookies  - CookieSpec selected: ignoreCookies
747390 [main] DEBUG org.apache.http.client.protocol.RequestAuthCache  - Auth cache not set in the context
747390 [main] DEBUG org.apache.http.client.protocol.RequestAuthCache  - Auth cache not set in the context
747390 [main] DEBUG org.apache.http.client.protocol.RequestAuthCache  - Auth cache not set in the context
747390 [main] DEBUG org.apache.http.client.protocol.RequestAuthCache  - Auth cache not set in the context
747390 [main] DEBUG org.apache.http.client.protocol.RequestTargetAuthentication  - Target auth state: UNCHALLENGED
747390 [main] DEBUG org.apache.http.client.protocol.RequestTargetAuthentication  - Target auth state: UNCHALLENGED
747390 [main] DEBUG org.apache.http.client.protocol.RequestTargetAuthentication  - Target auth state: UNCHALLENGED
747390 [main] DEBUG org.apache.http.client.protocol.RequestTargetAuthentication  - Target auth state: UNCHALLENGED
747390 [main] DEBUG org.apache.http.client.protocol.RequestProxyAuthentication  - Proxy auth state: UNCHALLENGED
747390 [main] DEBUG org.apache.http.client.protocol.RequestProxyAuthentication  - Proxy auth state: UNCHALLENGED
747390 [main] DEBUG org.apache.http.client.protocol.RequestProxyAuthentication  - Proxy auth state: UNCHALLENGED
747390 [main] DEBUG org.apache.http.client.protocol.RequestProxyAuthentication  - Proxy auth state: UNCHALLENGED
747391 [main] DEBUG org.apache.http.impl.client.DefaultHttpClient  - Attempt 1 to execute request
747391 [main] DEBUG org.apache.http.impl.client.DefaultHttpClient  - Attempt 1 to execute request
747391 [main] DEBUG org.apache.http.impl.client.DefaultHttpClient  - Attempt 1 to execute request
747391 [main] DEBUG org.apache.http.impl.client.DefaultHttpClient  - Attempt 1 to execute request
747391 [main] DEBUG org.apache.http.impl.conn.DefaultClientConnection  - Sending request: POST /onco-auth/oapi/user-cred/remove-lead HTTP/1.1
747391 [main] DEBUG org.apache.http.impl.conn.DefaultClientConnection  - Sending request: POST /onco-auth/oapi/user-cred/remove-lead HTTP/1.1
747391 [main] DEBUG org.apache.http.impl.conn.DefaultClientConnection  - Sending request: POST /onco-auth/oapi/user-cred/remove-lead HTTP/1.1
747391 [main] DEBUG org.apache.http.impl.conn.DefaultClientConnection  - Sending request: POST /onco-auth/oapi/user-cred/remove-lead HTTP/1.1
747391 [main] DEBUG org.apache.http.wire  -  >> "POST /onco-auth/oapi/user-cred/remove-lead HTTP/1.1[\r][\n]"
747391 [main] DEBUG org.apache.http.wire  -  >> "POST /onco-auth/oapi/user-cred/remove-lead HTTP/1.1[\r][\n]"
747391 [main] DEBUG org.apache.http.wire  -  >> "POST /onco-auth/oapi/user-cred/remove-lead HTTP/1.1[\r][\n]"
747391 [main] DEBUG org.apache.http.wire  -  >> "POST /onco-auth/oapi/user-cred/remove-lead HTTP/1.1[\r][\n]"
747391 [main] DEBUG org.apache.http.wire  -  >> ":  [\r][\n]"
747391 [main] DEBUG org.apache.http.wire  -  >> ":  [\r][\n]"
747391 [main] DEBUG org.apache.http.wire  -  >> ":  [\r][\n]"
747391 [main] DEBUG org.apache.http.wire  -  >> ":  [\r][\n]"
747391 [main] DEBUG org.apache.http.wire  -  >> "Accept: */*[\r][\n]"
747391 [main] DEBUG org.apache.http.wire  -  >> "Accept: */*[\r][\n]"
747391 [main] DEBUG org.apache.http.wire  -  >> "Accept: */*[\r][\n]"
747391 [main] DEBUG org.apache.http.wire  -  >> "Accept: */*[\r][\n]"
747391 [main] DEBUG org.apache.http.wire  -  >> "Content-Type: application/json; charset=UTF-8[\r][\n]"
747391 [main] DEBUG org.apache.http.wire  -  >> "Content-Type: application/json; charset=UTF-8[\r][\n]"
747391 [main] DEBUG org.apache.http.wire  -  >> "Content-Type: application/json; charset=UTF-8[\r][\n]"
747391 [main] DEBUG org.apache.http.wire  -  >> "Content-Type: application/json; charset=UTF-8[\r][\n]"
747391 [main] DEBUG org.apache.http.wire  -  >> "Content-Length: 83[\r][\n]"
747391 [main] DEBUG org.apache.http.wire  -  >> "Content-Length: 83[\r][\n]"
747391 [main] DEBUG org.apache.http.wire  -  >> "Content-Length: 83[\r][\n]"
747391 [main] DEBUG org.apache.http.wire  -  >> "Content-Length: 83[\r][\n]"
747391 [main] DEBUG org.apache.http.wire  -  >> "Host: backstage.onco.com[\r][\n]"
747391 [main] DEBUG org.apache.http.wire  -  >> "Host: backstage.onco.com[\r][\n]"
747391 [main] DEBUG org.apache.http.wire  -  >> "Host: backstage.onco.com[\r][\n]"
747391 [main] DEBUG org.apache.http.wire  -  >> "Host: backstage.onco.com[\r][\n]"
747391 [main] DEBUG org.apache.http.wire  -  >> "Connection: Keep-Alive[\r][\n]"
747391 [main] DEBUG org.apache.http.wire  -  >> "Connection: Keep-Alive[\r][\n]"
747391 [main] DEBUG org.apache.http.wire  -  >> "Connection: Keep-Alive[\r][\n]"
747391 [main] DEBUG org.apache.http.wire  -  >> "Connection: Keep-Alive[\r][\n]"
747391 [main] DEBUG org.apache.http.wire  -  >> "User-Agent: Apache-HttpClient/4.5.5 (Java/1.8.0_231)[\r][\n]"
747391 [main] DEBUG org.apache.http.wire  -  >> "User-Agent: Apache-HttpClient/4.5.5 (Java/1.8.0_231)[\r][\n]"
747391 [main] DEBUG org.apache.http.wire  -  >> "User-Agent: Apache-HttpClient/4.5.5 (Java/1.8.0_231)[\r][\n]"
747391 [main] DEBUG org.apache.http.wire  -  >> "User-Agent: Apache-HttpClient/4.5.5 (Java/1.8.0_231)[\r][\n]"
747391 [main] DEBUG org.apache.http.wire  -  >> "Accept-Encoding: gzip,deflate[\r][\n]"
747391 [main] DEBUG org.apache.http.wire  -  >> "Accept-Encoding: gzip,deflate[\r][\n]"
747391 [main] DEBUG org.apache.http.wire  -  >> "Accept-Encoding: gzip,deflate[\r][\n]"
747391 [main] DEBUG org.apache.http.wire  -  >> "Accept-Encoding: gzip,deflate[\r][\n]"
747391 [main] DEBUG org.apache.http.wire  -  >> "[\r][\n]"
747391 [main] DEBUG org.apache.http.wire  -  >> "[\r][\n]"
747391 [main] DEBUG org.apache.http.wire  -  >> "[\r][\n]"
747391 [main] DEBUG org.apache.http.wire  -  >> "[\r][\n]"
747391 [main] DEBUG org.apache.http.headers  - >> POST /onco-auth/oapi/user-cred/remove-lead HTTP/1.1
747391 [main] DEBUG org.apache.http.headers  - >> POST /onco-auth/oapi/user-cred/remove-lead HTTP/1.1
747391 [main] DEBUG org.apache.http.headers  - >> POST /onco-auth/oapi/user-cred/remove-lead HTTP/1.1
747391 [main] DEBUG org.apache.http.headers  - >> POST /onco-auth/oapi/user-cred/remove-lead HTTP/1.1
747391 [main] DEBUG org.apache.http.headers  - >> :  
747391 [main] DEBUG org.apache.http.headers  - >> :  
747391 [main] DEBUG org.apache.http.headers  - >> :  
747391 [main] DEBUG org.apache.http.headers  - >> :  
747391 [main] DEBUG org.apache.http.headers  - >> Accept: */*
747391 [main] DEBUG org.apache.http.headers  - >> Accept: */*
747391 [main] DEBUG org.apache.http.headers  - >> Accept: */*
747391 [main] DEBUG org.apache.http.headers  - >> Accept: */*
747392 [main] DEBUG org.apache.http.headers  - >> Content-Type: application/json; charset=UTF-8
747392 [main] DEBUG org.apache.http.headers  - >> Content-Type: application/json; charset=UTF-8
747392 [main] DEBUG org.apache.http.headers  - >> Content-Type: application/json; charset=UTF-8
747392 [main] DEBUG org.apache.http.headers  - >> Content-Type: application/json; charset=UTF-8
747392 [main] DEBUG org.apache.http.headers  - >> Content-Length: 83
747392 [main] DEBUG org.apache.http.headers  - >> Content-Length: 83
747392 [main] DEBUG org.apache.http.headers  - >> Content-Length: 83
747392 [main] DEBUG org.apache.http.headers  - >> Content-Length: 83
747392 [main] DEBUG org.apache.http.headers  - >> Host: backstage.onco.com
747392 [main] DEBUG org.apache.http.headers  - >> Host: backstage.onco.com
747392 [main] DEBUG org.apache.http.headers  - >> Host: backstage.onco.com
747392 [main] DEBUG org.apache.http.headers  - >> Host: backstage.onco.com
747392 [main] DEBUG org.apache.http.headers  - >> Connection: Keep-Alive
747392 [main] DEBUG org.apache.http.headers  - >> Connection: Keep-Alive
747392 [main] DEBUG org.apache.http.headers  - >> Connection: Keep-Alive
747392 [main] DEBUG org.apache.http.headers  - >> Connection: Keep-Alive
747392 [main] DEBUG org.apache.http.headers  - >> User-Agent: Apache-HttpClient/4.5.5 (Java/1.8.0_231)
747392 [main] DEBUG org.apache.http.headers  - >> User-Agent: Apache-HttpClient/4.5.5 (Java/1.8.0_231)
747392 [main] DEBUG org.apache.http.headers  - >> User-Agent: Apache-HttpClient/4.5.5 (Java/1.8.0_231)
747392 [main] DEBUG org.apache.http.headers  - >> User-Agent: Apache-HttpClient/4.5.5 (Java/1.8.0_231)
747392 [main] DEBUG org.apache.http.headers  - >> Accept-Encoding: gzip,deflate
747392 [main] DEBUG org.apache.http.headers  - >> Accept-Encoding: gzip,deflate
747392 [main] DEBUG org.apache.http.headers  - >> Accept-Encoding: gzip,deflate
747392 [main] DEBUG org.apache.http.headers  - >> Accept-Encoding: gzip,deflate
747392 [main] DEBUG org.apache.http.wire  -  >> "{[\n]"
747392 [main] DEBUG org.apache.http.wire  -  >> "{[\n]"
747392 [main] DEBUG org.apache.http.wire  -  >> "{[\n]"
747392 [main] DEBUG org.apache.http.wire  -  >> "{[\n]"
747392 [main] DEBUG org.apache.http.wire  -  >> "    "phoneNumber": "+918310744975",[\n]"
747392 [main] DEBUG org.apache.http.wire  -  >> "    "phoneNumber": "+918310744975",[\n]"
747392 [main] DEBUG org.apache.http.wire  -  >> "    "phoneNumber": "+918310744975",[\n]"
747392 [main] DEBUG org.apache.http.wire  -  >> "    "phoneNumber": "+918310744975",[\n]"
747392 [main] DEBUG org.apache.http.wire  -  >> "    "leadDelSecKey": "Eno0nduK!tthakaPPa@1"[\n]"
747392 [main] DEBUG org.apache.http.wire  -  >> "    "leadDelSecKey": "Eno0nduK!tthakaPPa@1"[\n]"
747392 [main] DEBUG org.apache.http.wire  -  >> "    "leadDelSecKey": "Eno0nduK!tthakaPPa@1"[\n]"
747392 [main] DEBUG org.apache.http.wire  -  >> "    "leadDelSecKey": "Eno0nduK!tthakaPPa@1"[\n]"
747392 [main] DEBUG org.apache.http.wire  -  >> "}"
747392 [main] DEBUG org.apache.http.wire  -  >> "}"
747392 [main] DEBUG org.apache.http.wire  -  >> "}"
747392 [main] DEBUG org.apache.http.wire  -  >> "}"
747590 [main] DEBUG org.apache.http.wire  -  << "HTTP/1.1 200 OK[\r][\n]"
747590 [main] DEBUG org.apache.http.wire  -  << "HTTP/1.1 200 OK[\r][\n]"
747590 [main] DEBUG org.apache.http.wire  -  << "HTTP/1.1 200 OK[\r][\n]"
747590 [main] DEBUG org.apache.http.wire  -  << "HTTP/1.1 200 OK[\r][\n]"
747590 [main] DEBUG org.apache.http.wire  -  << "Server: nginx/1.14.0 (Ubuntu)[\r][\n]"
747590 [main] DEBUG org.apache.http.wire  -  << "Server: nginx/1.14.0 (Ubuntu)[\r][\n]"
747590 [main] DEBUG org.apache.http.wire  -  << "Server: nginx/1.14.0 (Ubuntu)[\r][\n]"
747590 [main] DEBUG org.apache.http.wire  -  << "Server: nginx/1.14.0 (Ubuntu)[\r][\n]"
747590 [main] DEBUG org.apache.http.wire  -  << "Date: Tue, 22 Sep 2020 09:06:18 GMT[\r][\n]"
747590 [main] DEBUG org.apache.http.wire  -  << "Date: Tue, 22 Sep 2020 09:06:18 GMT[\r][\n]"
747590 [main] DEBUG org.apache.http.wire  -  << "Date: Tue, 22 Sep 2020 09:06:18 GMT[\r][\n]"
747590 [main] DEBUG org.apache.http.wire  -  << "Date: Tue, 22 Sep 2020 09:06:18 GMT[\r][\n]"
747591 [main] DEBUG org.apache.http.wire  -  << "Content-Type: application/json; charset=utf-8[\r][\n]"
747591 [main] DEBUG org.apache.http.wire  -  << "Content-Type: application/json; charset=utf-8[\r][\n]"
747591 [main] DEBUG org.apache.http.wire  -  << "Content-Type: application/json; charset=utf-8[\r][\n]"
747591 [main] DEBUG org.apache.http.wire  -  << "Content-Type: application/json; charset=utf-8[\r][\n]"
747591 [main] DEBUG org.apache.http.wire  -  << "Transfer-Encoding: chunked[\r][\n]"
747591 [main] DEBUG org.apache.http.wire  -  << "Transfer-Encoding: chunked[\r][\n]"
747591 [main] DEBUG org.apache.http.wire  -  << "Transfer-Encoding: chunked[\r][\n]"
747591 [main] DEBUG org.apache.http.wire  -  << "Transfer-Encoding: chunked[\r][\n]"
747591 [main] DEBUG org.apache.http.wire  -  << "Connection: keep-alive[\r][\n]"
747591 [main] DEBUG org.apache.http.wire  -  << "Connection: keep-alive[\r][\n]"
747591 [main] DEBUG org.apache.http.wire  -  << "Connection: keep-alive[\r][\n]"
747591 [main] DEBUG org.apache.http.wire  -  << "Connection: keep-alive[\r][\n]"
747591 [main] DEBUG org.apache.http.wire  -  << "Content-Security-Policy: default-src 'self';base-uri 'self';block-all-mixed-content;font-src 'self' https: data:;frame-ancestors 'self';img-src 'self' data:;object-src 'none';script-src 'self';script-src-attr 'none';style-src 'self' https: 'unsafe-inline';upgrade-insecure-requests[\r][\n]"
747591 [main] DEBUG org.apache.http.wire  -  << "Content-Security-Policy: default-src 'self';base-uri 'self';block-all-mixed-content;font-src 'self' https: data:;frame-ancestors 'self';img-src 'self' data:;object-src 'none';script-src 'self';script-src-attr 'none';style-src 'self' https: 'unsafe-inline';upgrade-insecure-requests[\r][\n]"
747591 [main] DEBUG org.apache.http.wire  -  << "Content-Security-Policy: default-src 'self';base-uri 'self';block-all-mixed-content;font-src 'self' https: data:;frame-ancestors 'self';img-src 'self' data:;object-src 'none';script-src 'self';script-src-attr 'none';style-src 'self' https: 'unsafe-inline';upgrade-insecure-requests[\r][\n]"
747591 [main] DEBUG org.apache.http.wire  -  << "Content-Security-Policy: default-src 'self';base-uri 'self';block-all-mixed-content;font-src 'self' https: data:;frame-ancestors 'self';img-src 'self' data:;object-src 'none';script-src 'self';script-src-attr 'none';style-src 'self' https: 'unsafe-inline';upgrade-insecure-requests[\r][\n]"
747591 [main] DEBUG org.apache.http.wire  -  << "X-DNS-Prefetch-Control: off[\r][\n]"
747591 [main] DEBUG org.apache.http.wire  -  << "X-DNS-Prefetch-Control: off[\r][\n]"
747591 [main] DEBUG org.apache.http.wire  -  << "X-DNS-Prefetch-Control: off[\r][\n]"
747591 [main] DEBUG org.apache.http.wire  -  << "X-DNS-Prefetch-Control: off[\r][\n]"
747591 [main] DEBUG org.apache.http.wire  -  << "Expect-CT: max-age=0[\r][\n]"
747591 [main] DEBUG org.apache.http.wire  -  << "Expect-CT: max-age=0[\r][\n]"
747591 [main] DEBUG org.apache.http.wire  -  << "Expect-CT: max-age=0[\r][\n]"
747591 [main] DEBUG org.apache.http.wire  -  << "Expect-CT: max-age=0[\r][\n]"
747591 [main] DEBUG org.apache.http.wire  -  << "X-Frame-Options: SAMEORIGIN[\r][\n]"
747591 [main] DEBUG org.apache.http.wire  -  << "X-Frame-Options: SAMEORIGIN[\r][\n]"
747591 [main] DEBUG org.apache.http.wire  -  << "X-Frame-Options: SAMEORIGIN[\r][\n]"
747591 [main] DEBUG org.apache.http.wire  -  << "X-Frame-Options: SAMEORIGIN[\r][\n]"
747591 [main] DEBUG org.apache.http.wire  -  << "X-Download-Options: noopen[\r][\n]"
747591 [main] DEBUG org.apache.http.wire  -  << "X-Download-Options: noopen[\r][\n]"
747591 [main] DEBUG org.apache.http.wire  -  << "X-Download-Options: noopen[\r][\n]"
747591 [main] DEBUG org.apache.http.wire  -  << "X-Download-Options: noopen[\r][\n]"
747591 [main] DEBUG org.apache.http.wire  -  << "X-Content-Type-Options: nosniff[\r][\n]"
747591 [main] DEBUG org.apache.http.wire  -  << "X-Content-Type-Options: nosniff[\r][\n]"
747591 [main] DEBUG org.apache.http.wire  -  << "X-Content-Type-Options: nosniff[\r][\n]"
747591 [main] DEBUG org.apache.http.wire  -  << "X-Content-Type-Options: nosniff[\r][\n]"
747591 [main] DEBUG org.apache.http.wire  -  << "X-Permitted-Cross-Domain-Policies: none[\r][\n]"
747591 [main] DEBUG org.apache.http.wire  -  << "X-Permitted-Cross-Domain-Policies: none[\r][\n]"
747591 [main] DEBUG org.apache.http.wire  -  << "X-Permitted-Cross-Domain-Policies: none[\r][\n]"
747591 [main] DEBUG org.apache.http.wire  -  << "X-Permitted-Cross-Domain-Policies: none[\r][\n]"
747591 [main] DEBUG org.apache.http.wire  -  << "Referrer-Policy: no-referrer[\r][\n]"
747591 [main] DEBUG org.apache.http.wire  -  << "Referrer-Policy: no-referrer[\r][\n]"
747591 [main] DEBUG org.apache.http.wire  -  << "Referrer-Policy: no-referrer[\r][\n]"
747591 [main] DEBUG org.apache.http.wire  -  << "Referrer-Policy: no-referrer[\r][\n]"
747591 [main] DEBUG org.apache.http.wire  -  << "X-XSS-Protection: 0[\r][\n]"
747591 [main] DEBUG org.apache.http.wire  -  << "X-XSS-Protection: 0[\r][\n]"
747591 [main] DEBUG org.apache.http.wire  -  << "X-XSS-Protection: 0[\r][\n]"
747591 [main] DEBUG org.apache.http.wire  -  << "X-XSS-Protection: 0[\r][\n]"
747591 [main] DEBUG org.apache.http.wire  -  << "Vary: Origin, Accept-Encoding[\r][\n]"
747591 [main] DEBUG org.apache.http.wire  -  << "Vary: Origin, Accept-Encoding[\r][\n]"
747591 [main] DEBUG org.apache.http.wire  -  << "Vary: Origin, Accept-Encoding[\r][\n]"
747591 [main] DEBUG org.apache.http.wire  -  << "Vary: Origin, Accept-Encoding[\r][\n]"
747591 [main] DEBUG org.apache.http.wire  -  << "Access-Control-Allow-Credentials: true[\r][\n]"
747591 [main] DEBUG org.apache.http.wire  -  << "Access-Control-Allow-Credentials: true[\r][\n]"
747591 [main] DEBUG org.apache.http.wire  -  << "Access-Control-Allow-Credentials: true[\r][\n]"
747591 [main] DEBUG org.apache.http.wire  -  << "Access-Control-Allow-Credentials: true[\r][\n]"
747592 [main] DEBUG org.apache.http.wire  -  << "Retry-After: 10[\r][\n]"
747592 [main] DEBUG org.apache.http.wire  -  << "Retry-After: 10[\r][\n]"
747592 [main] DEBUG org.apache.http.wire  -  << "Retry-After: 10[\r][\n]"
[...]
3734460 [main] DEBUG org.apache.http.headers  - << Content-Encoding: gzip
3734460 [main] DEBUG org.apache.http.headers  - << Content-Encoding: gzip
3734460 [main] DEBUG org.apache.http.headers  - << Content-Encoding: gzip
3734460 [main] DEBUG org.apache.http.headers  - << Content-Encoding: gzip
3734460 [main] DEBUG org.apache.http.headers  - << Content-Encoding: gzip
3734460 [main] DEBUG org.apache.http.impl.client.DefaultHttpClient  - Connection can be kept alive indefinitely
3734460 [main] DEBUG org.apache.http.impl.client.DefaultHttpClient  - Connection can be kept alive indefinitely
3734460 [main] DEBUG org.apache.http.impl.client.DefaultHttpClient  - Connection can be kept alive indefinitely
3734460 [main] DEBUG org.apache.http.impl.client.DefaultHttpClient  - Connection can be kept alive indefinitely
3734460 [main] DEBUG org.apache.http.impl.client.DefaultHttpClient  - Connection can be kept alive indefinitely
3734460 [main] DEBUG org.apache.http.impl.client.DefaultHttpClient  - Connection can be kept alive indefinitely
3734460 [main] DEBUG org.apache.http.impl.client.DefaultHttpClient  - Connection can be kept alive indefinitely
3734460 [main] DEBUG org.apache.http.impl.client.DefaultHttpClient  - Connection can be kept alive indefinitely
3734460 [main] DEBUG org.apache.http.impl.client.DefaultHttpClient  - Connection can be kept alive indefinitely
3734460 [main] DEBUG org.apache.http.impl.client.DefaultHttpClient  - Connection can be kept alive indefinitely
3734460 [main] DEBUG org.apache.http.impl.client.DefaultHttpClient  - Connection can be kept alive indefinitely
3734460 [main] DEBUG org.apache.http.impl.client.DefaultHttpClient  - Connection can be kept alive indefinitely
3734460 [main] DEBUG org.apache.http.impl.client.DefaultHttpClient  - Connection can be kept alive indefinitely
3734460 [main] DEBUG org.apache.http.impl.client.DefaultHttpClient  - Connection can be kept alive indefinitely
3734460 [main] DEBUG org.apache.http.impl.client.DefaultHttpClient  - Connection can be kept alive indefinitely
3734461 [main] DEBUG io.restassured.internal.RequestSpecificationImpl$RestAssuredHttpBuilder  - Parsing response as: application/json; charset=utf-8
3734461 [main] DEBUG io.restassured.internal.RequestSpecificationImpl$RestAssuredHttpBuilder  - Parsing response as: application/json; charset=utf-8
3734461 [main] DEBUG io.restassured.internal.RequestSpecificationImpl$RestAssuredHttpBuilder  - Parsing response as: application/json; charset=utf-8
3734461 [main] DEBUG io.restassured.internal.RequestSpecificationImpl$RestAssuredHttpBuilder  - Parsing response as: application/json; charset=utf-8
3734461 [main] DEBUG io.restassured.internal.RequestSpecificationImpl$RestAssuredHttpBuilder  - Parsing response as: application/json; charset=utf-8
3734461 [main] DEBUG io.restassured.internal.RequestSpecificationImpl$RestAssuredHttpBuilder  - Parsing response as: application/json; charset=utf-8
3734461 [main] DEBUG io.restassured.internal.RequestSpecificationImpl$RestAssuredHttpBuilder  - Parsing response as: application/json; charset=utf-8
3734461 [main] DEBUG io.restassured.internal.RequestSpecificationImpl$RestAssuredHttpBuilder  - Parsing response as: application/json; charset=utf-8
3734461 [main] DEBUG io.restassured.internal.RequestSpecificationImpl$RestAssuredHttpBuilder  - Parsing response as: application/json; charset=utf-8
3734461 [main] DEBUG io.restassured.internal.RequestSpecificationImpl$RestAssuredHttpBuilder  - Parsing response as: application/json; charset=utf-8
3734461 [main] DEBUG io.restassured.internal.RequestSpecificationImpl$RestAssuredHttpBuilder  - Parsing response as: application/json; charset=utf-8
3734461 [main] DEBUG io.restassured.internal.RequestSpecificationImpl$RestAssuredHttpBuilder  - Parsing response as: application/json; charset=utf-8
3734461 [main] DEBUG io.restassured.internal.RequestSpecificationImpl$RestAssuredHttpBuilder  - Parsing response as: application/json; charset=utf-8
3734461 [main] DEBUG io.restassured.internal.RequestSpecificationImpl$RestAssuredHttpBuilder  - Parsing response as: application/json; charset=utf-8
3734461 [main] DEBUG io.restassured.internal.RequestSpecificationImpl$RestAssuredHttpBuilder  - Parsing response as: application/json; charset=utf-8
3734461 [main] DEBUG org.apache.http.wire  -  << "5d[\r][\n]"
3734461 [main] DEBUG org.apache.http.wire  -  << "5d[\r][\n]"
3734461 [main] DEBUG org.apache.http.wire  -  << "5d[\r][\n]"
3734461 [main] DEBUG org.apache.http.wire  -  << "5d[\r][\n]"
3734461 [main] DEBUG org.apache.http.wire  -  << "5d[\r][\n]"
3734461 [main] DEBUG org.apache.http.wire  -  << "5d[\r][\n]"
3734461 [main] DEBUG org.apache.http.wire  -  << "5d[\r][\n]"
3734461 [main] DEBUG org.apache.http.wire  -  << "5d[\r][\n]"
3734461 [main] DEBUG org.apache.http.wire  -  << "5d[\r][\n]"
3734461 [main] DEBUG org.apache.http.wire  -  << "5d[\r][\n]"
3734461 [main] DEBUG org.apache.http.wire  -  << "5d[\r][\n]"
3734461 [main] DEBUG org.apache.http.wire  -  << "5d[\r][\n]"
3734461 [main] DEBUG org.apache.http.wire  -  << "5d[\r][\n]"
3734461 [main] DEBUG org.apache.http.wire  -  << "5d[\r][\n]"
3734461 [main] DEBUG org.apache.http.wire  -  << "5d[\r][\n]"
3734462 [main] DEBUG org.apache.http.wire  -  << "[0x1f][0x8b][0x8][0x0][0x0][0x0][0x0][0x0][0x0][0x3][0xab]V[0xca]M-.NLOU[0xb2]R[0xf2]IMLQ([0xcf],[0xc9]P([0xc8][0xc8][0xcf]KU[0xc8]+[0xcd]MJ-RP[0xd7][0xb6]4[0xb4]064071[0xb1]47UWHI[0xcd]I-IMQ(.MN[0x6][0xea]M+[0xcd][0xc9][0xa9][0xd4]S[0xaa][0x5][0x0][0x15]{w[0x82]J[0x0][0x0][0x0]"
3734462 [main] DEBUG org.apache.http.wire  -  << "[0x1f][0x8b][0x8][0x0][0x0][0x0][0x0][0x0][0x0][0x3][0xab]V[0xca]M-.NLOU[0xb2]R[0xf2]IMLQ([0xcf],[0xc9]P([0xc8][0xc8][0xcf]KU[0xc8]+[0xcd]MJ-RP[0xd7][0xb6]4[0xb4]064071[0xb1]47UWHI[0xcd]I-IMQ(.MN[0x6][0xea]M+[0xcd][0xc9][0xa9][0xd4]S[0xaa][0x5][0x0][0x15]{w[0x82]J[0x0][0x0][0x0]"
3734462 [main] DEBUG org.apache.http.wire  -  << "[0x1f][0x8b][0x8][0x0][0x0][0x0][0x0][0x0][0x0][0x3][0xab]V[0xca]M-.NLOU[0xb2]R[0xf2]IMLQ([0xcf],[0xc9]P([0xc8][0xc8][0xcf]KU[0xc8]+[0xcd]MJ-RP[0xd7][0xb6]4[0xb4]064071[0xb1]47UWHI[0xcd]I-IMQ(.MN[0x6][0xea]M+[0xcd][0xc9][0xa9][0xd4]S[0xaa][0x5][0x0][0x15]{w[0x82]J[0x0][0x0][0x0]"
3734462 [main] DEBUG org.apache.http.wire  -  << "[0x1f][0x8b][0x8][0x0][0x0][0x0][0x0][0x0][0x0][0x3][0xab]V[0xca]M-.NLOU[0xb2]R[0xf2]IMLQ([0xcf],[0xc9]P([0xc8][0xc8][0xcf]KU[0xc8]+[0xcd]MJ-RP[0xd7][0xb6]4[0xb4]064071[0xb1]47UWHI[0xcd]I-IMQ(.MN[0x6][0xea]M+[0xcd][0xc9][0xa9][0xd4]S[0xaa][0x5][0x0][0x15]{w[0x82]J[0x0][0x0][0x0]"
3734462 [main] DEBUG org.apache.http.wire  -  << "[0x1f][0x8b][0x8][0x0][0x0][0x0][0x0][0x0][0x0][0x3][0xab]V[0xca]M-.NLOU[0xb2]R[0xf2]IMLQ([0xcf],[0xc9]P([0xc8][0xc8][0xcf]KU[0xc8]+[0xcd]MJ-RP[0xd7][0xb6]4[0xb4]064071[0xb1]47UWHI[0xcd]I-IMQ(.MN[0x6][0xea]M+[0xcd][0xc9][0xa9][0xd4]S[0xaa][0x5][0x0][0x15]{w[0x82]J[0x0][0x0][0x0]"
3734462 [main] DEBUG org.apache.http.wire  -  << "[0x1f][0x8b][0x8][0x0][0x0][0x0][0x0][0x0][0x0][0x3][0xab]V[0xca]M-.NLOU[0xb2]R[0xf2]IMLQ([0xcf],[0xc9]P([0xc8][0xc8][0xcf]KU[0xc8]+[0xcd]MJ-RP[0xd7][0xb6]4[0xb4]064071[0xb1]47UWHI[0xcd]I-IMQ(.MN[0x6][0xea]M+[0xcd][0xc9][0xa9][0xd4]S[0xaa][0x5][0x0][0x15]{w[0x82]J[0x0][0x0][0x0]"
3734462 [main] DEBUG org.apache.http.wire  -  << "[0x1f][0x8b][0x8][0x0][0x0][0x0][0x0][0x0][0x0][0x3][0xab]V[0xca]M-.NLOU[0xb2]R[0xf2]IMLQ([0xcf],[0xc9]P([0xc8][0xc8][0xcf]KU[0xc8]+[0xcd]MJ-RP[0xd7][0xb6]4[0xb4]064071[0xb1]47UWHI[0xcd]I-IMQ(.MN[0x6][0xea]M+[0xcd][0xc9][0xa9][0xd4]S[0xaa][0x5][0x0][0x15]{w[0x82]J[0x0][0x0][0x0]"
3734462 [main] DEBUG org.apache.http.wire  -  << "[0x1f][0x8b][0x8][0x0][0x0][0x0][0x0][0x0][0x0][0x3][0xab]V[0xca]M-.NLOU[0xb2]R[0xf2]IMLQ([0xcf],[0xc9]P([0xc8][0xc8][0xcf]KU[0xc8]+[0xcd]MJ-RP[0xd7][0xb6]4[0xb4]064071[0xb1]47UWHI[0xcd]I-IMQ(.MN[0x6][0xea]M+[0xcd][0xc9][0xa9][0xd4]S[0xaa][0x5][0x0][0x15]{w[0x82]J[0x0][0x0][0x0]"
3734462 [main] DEBUG org.apache.http.wire  -  << "[0x1f][0x8b][0x8][0x0][0x0][0x0][0x0][0x0][0x0][0x3][0xab]V[0xca]M-.NLOU[0xb2]R[0xf2]IMLQ([0xcf],[0xc9]P([0xc8][0xc8][0xcf]KU[0xc8]+[0xcd]MJ-RP[0xd7][0xb6]4[0xb4]064071[0xb1]47UWHI[0xcd]I-IMQ(.MN[0x6][0xea]M+[0xcd][0xc9][0xa9][0xd4]S[0xaa][0x5][0x0][0x15]{w[0x82]J[0x0][0x0][0x0]"
3734462 [main] DEBUG org.apache.http.wire  -  << "[0x1f][0x8b][0x8][0x0][0x0][0x0][0x0][0x0][0x0][0x3][0xab]V[0xca]M-.NLOU[0xb2]R[0xf2]IMLQ([0xcf],[0xc9]P([0xc8][0xc8][0xcf]KU[0xc8]+[0xcd]MJ-RP[0xd7][0xb6]4[0xb4]064071[0xb1]47UWHI[0xcd]I-IMQ(.MN[0x6][0xea]M+[0xcd][0xc9][0xa9][0xd4]S[0xaa][0x5][0x0][0x15]{w[0x82]J[0x0][0x0][0x0]"
3734462 [main] DEBUG org.apache.http.wire  -  << "[0x1f][0x8b][0x8][0x0][0x0][0x0][0x0][0x0][0x0][0x3][0xab]V[0xca]M-.NLOU[0xb2]R[0xf2]IMLQ([0xcf],[0xc9]P([0xc8][0xc8][0xcf]KU[0xc8]+[0xcd]MJ-RP[0xd7][0xb6]4[0xb4]064071[0xb1]47UWHI[0xcd]I-IMQ(.MN[0x6][0xea]M+[0xcd][0xc9][0xa9][0xd4]S[0xaa][0x5][0x0][0x15]{w[0x82]J[0x0][0x0][0x0]"
3734462 [main] DEBUG org.apache.http.wire  -  << "[0x1f][0x8b][0x8][0x0][0x0][0x0][0x0][0x0][0x0][0x3][0xab]V[0xca]M-.NLOU[0xb2]R[0xf2]IMLQ([0xcf],[0xc9]P([0xc8][0xc8][0xcf]KU[0xc8]+[0xcd]MJ-RP[0xd7][0xb6]4[0xb4]064071[0xb1]47UWHI[0xcd]I-IMQ(.MN[0x6][0xea]M+[0xcd][0xc9][0xa9][0xd4]S[0xaa][0x5][0x0][0x15]{w[0x82]J[0x0][0x0][0x0]"
3734462 [main] DEBUG org.apache.http.wire  -  << "[0x1f][0x8b][0x8][0x0][0x0][0x0][0x0][0x0][0x0][0x3][0xab]V[0xca]M-.NLOU[0xb2]R[0xf2]IMLQ([0xcf],[0xc9]P([0xc8][0xc8][0xcf]KU[0xc8]+[0xcd]MJ-RP[0xd7][0xb6]4[0xb4]064071[0xb1]47UWHI[0xcd]I-IMQ(.MN[0x6][0xea]M+[0xcd][0xc9][0xa9][0xd4]S[0xaa][0x5][0x0][0x15]{w[0x82]J[0x0][0x0][0x0]"
3734462 [main] DEBUG org.apache.http.wire  -  << "[0x1f][0x8b][0x8][0x0][0x0][0x0][0x0][0x0][0x0][0x3][0xab]V[0xca]M-.NLOU[0xb2]R[0xf2]IMLQ([0xcf],[0xc9]P([0xc8][0xc8][0xcf]KU[0xc8]+[0xcd]MJ-RP[0xd7][0xb6]4[0xb4]064071[0xb1]47UWHI[0xcd]I-IMQ(.MN[0x6][0xea]M+[0xcd][0xc9][0xa9][0xd4]S[0xaa][0x5][0x0][0x15]{w[0x82]J[0x0][0x0][0x0]"
3734462 [main] DEBUG org.apache.http.wire  -  << "[0x1f][0x8b][0x8][0x0][0x0][0x0][0x0][0x0][0x0][0x3][0xab]V[0xca]M-.NLOU[0xb2]R[0xf2]IMLQ([0xcf],[0xc9]P([0xc8][0xc8][0xcf]KU[0xc8]+[0xcd]MJ-RP[0xd7][0xb6]4[0xb4]064071[0xb1]47UWHI[0xcd]I-IMQ(.MN[0x6][0xea]M+[0xcd][0xc9][0xa9][0xd4]S[0xaa][0x5][0x0][0x15]{w[0x82]J[0x0][0x0][0x0]"
3734462 [main] DEBUG org.apache.http.wire  -  << "[\r][\n]"
3734462 [main] DEBUG org.apache.http.wire  -  << "[\r][\n]"
3734462 [main] DEBUG org.apache.http.wire  -  << "[\r][\n]"
3734462 [main] DEBUG org.apache.http.wire  -  << "[\r][\n]"
3734462 [main] DEBUG org.apache.http.wire  -  << "[\r][\n]"
3734462 [main] DEBUG org.apache.http.wire  -  << "[\r][\n]"
3734462 [main] DEBUG org.apache.http.wire  -  << "[\r][\n]"
3734462 [main] DEBUG org.apache.http.wire  -  << "[\r][\n]"
3734462 [main] DEBUG org.apache.http.wire  -  << "[\r][\n]"
3734462 [main] DEBUG org.apache.http.wire  -  << "[\r][\n]"
3734462 [main] DEBUG org.apache.http.wire  -  << "[\r][\n]"
3734462 [main] DEBUG org.apache.http.wire  -  << "[\r][\n]"
3734462 [main] DEBUG org.apache.http.wire  -  << "[\r][\n]"
3734462 [main] DEBUG org.apache.http.wire  -  << "[\r][\n]"
3734462 [main] DEBUG org.apache.http.wire  -  << "[\r][\n]"
3734463 [main] DEBUG org.apache.http.wire  -  << "0[\r][\n]"
3734463 [main] DEBUG org.apache.http.wire  -  << "0[\r][\n]"
3734463 [main] DEBUG org.apache.http.wire  -  << "0[\r][\n]"
3734463 [main] DEBUG org.apache.http.wire  -  << "0[\r][\n]"
3734463 [main] DEBUG org.apache.http.wire  -  << "0[\r][\n]"
3734463 [main] DEBUG org.apache.http.wire  -  << "0[\r][\n]"
3734463 [main] DEBUG org.apache.http.wire  -  << "0[\r][\n]"
3734463 [main] DEBUG org.apache.http.wire  -  << "0[\r][\n]"
3734463 [main] DEBUG org.apache.http.wire  -  << "0[\r][\n]"
3734463 [main] DEBUG org.apache.http.wire  -  << "0[\r][\n]"
3734463 [main] DEBUG org.apache.http.wire  -  << "0[\r][\n]"
3734463 [main] DEBUG org.apache.http.wire  -  << "0[\r][\n]"
3734463 [main] DEBUG org.apache.http.wire  -  << "0[\r][\n]"
3734463 [main] DEBUG org.apache.http.wire  -  << "0[\r][\n]"
3734463 [main] DEBUG org.apache.http.wire  -  << "0[\r][\n]"
3734463 [main] DEBUG org.apache.http.wire  -  << "[\r][\n]"
3734463 [main] DEBUG org.apache.http.wire  -  << "[\r][\n]"
3734463 [main] DEBUG org.apache.http.wire  -  << "[\r][\n]"
3734463 [main] DEBUG org.apache.http.wire  -  << "[\r][\n]"
3734463 [main] DEBUG org.apache.http.wire  -  << "[\r][\n]"
3734463 [main] DEBUG org.apache.http.wire  -  << "[\r][\n]"
3734463 [main] DEBUG org.apache.http.wire  -  << "[\r][\n]"
3734463 [main] DEBUG org.apache.http.wire  -  << "[\r][\n]"
3734463 [main] DEBUG org.apache.http.wire  -  << "[\r][\n]"
3734463 [main] DEBUG org.apache.http.wire  -  << "[\r][\n]"
3734463 [main] DEBUG org.apache.http.wire  -  << "[\r][\n]"
3734463 [main] DEBUG org.apache.http.wire  -  << "[\r][\n]"
3734463 [main] DEBUG org.apache.http.wire  -  << "[\r][\n]"
3734463 [main] DEBUG org.apache.http.wire  -  << "[\r][\n]"
3734463 [main] DEBUG org.apache.http.wire  -  << "[\r][\n]"
3734463 [main] DEBUG io.restassured.internal.RequestSpecificationImpl$RestAssuredHttpBuilder  - Parsed data to instance of: class org.apache.http.conn.EofSensorInputStream
3734463 [main] DEBUG io.restassured.internal.RequestSpecificationImpl$RestAssuredHttpBuilder  - Parsed data to instance of: class org.apache.http.conn.EofSensorInputStream
3734463 [main] DEBUG io.restassured.internal.RequestSpecificationImpl$RestAssuredHttpBuilder  - Parsed data to instance of: class org.apache.http.conn.EofSensorInputStream
3734463 [main] DEBUG io.restassured.internal.RequestSpecificationImpl$RestAssuredHttpBuilder  - Parsed data to instance of: class org.apache.http.conn.EofSensorInputStream
3734463 [main] DEBUG io.restassured.internal.RequestSpecificationImpl$RestAssuredHttpBuilder  - Parsed data to instance of: class org.apache.http.conn.EofSensorInputStream
3734463 [main] DEBUG io.restassured.internal.RequestSpecificationImpl$RestAssuredHttpBuilder  - Parsed data to instance of: class org.apache.http.conn.EofSensorInputStream
3734463 [main] DEBUG io.restassured.internal.RequestSpecificationImpl$RestAssuredHttpBuilder  - Parsed data to instance of: class org.apache.http.conn.EofSensorInputStream
3734463 [main] DEBUG io.restassured.internal.RequestSpecificationImpl$RestAssuredHttpBuilder  - Parsed data to instance of: class org.apache.http.conn.EofSensorInputStream
3734463 [main] DEBUG io.restassured.internal.RequestSpecificationImpl$RestAssuredHttpBuilder  - Parsed data to instance of: class org.apache.http.conn.EofSensorInputStream
3734463 [main] DEBUG io.restassured.internal.RequestSpecificationImpl$RestAssuredHttpBuilder  - Parsed data to instance of: class org.apache.http.conn.EofSensorInputStream
3734463 [main] DEBUG io.restassured.internal.RequestSpecificationImpl$RestAssuredHttpBuilder  - Parsed data to instance of: class org.apache.http.conn.EofSensorInputStream
3734463 [main] DEBUG io.restassured.internal.RequestSpecificationImpl$RestAssuredHttpBuilder  - Parsed data to instance of: class org.apache.http.conn.EofSensorInputStream
3734463 [main] DEBUG io.restassured.internal.RequestSpecificationImpl$RestAssuredHttpBuilder  - Parsed data to instance of: class org.apache.http.conn.EofSensorInputStream
3734463 [main] DEBUG io.restassured.internal.RequestSpecificationImpl$RestAssuredHttpBuilder  - Parsed data to instance of: class org.apache.http.conn.EofSensorInputStream
3734463 [main] DEBUG io.restassured.internal.RequestSpecificationImpl$RestAssuredHttpBuilder  - Parsed data to instance of: class org.apache.http.conn.EofSensorInputStream
3734465 [main] DEBUG org.apache.http.impl.conn.BasicClientConnectionManager  - Releasing connection org.apache.http.impl.conn.ManagedClientConnectionImpl@25d9298e
3734465 [main] DEBUG org.apache.http.impl.conn.BasicClientConnectionManager  - Releasing connection org.apache.http.impl.conn.ManagedClientConnectionImpl@25d9298e
3734465 [main] DEBUG org.apache.http.impl.conn.BasicClientConnectionManager  - Releasing connection org.apache.http.impl.conn.ManagedClientConnectionImpl@25d9298e
3734465 [main] DEBUG org.apache.http.impl.conn.BasicClientConnectionManager  - Releasing connection org.apache.http.impl.conn.ManagedClientConnectionImpl@25d9298e
3734465 [main] DEBUG org.apache.http.impl.conn.BasicClientConnectionManager  - Releasing connection org.apache.http.impl.conn.ManagedClientConnectionImpl@25d9298e
3734465 [main] DEBUG org.apache.http.impl.conn.BasicClientConnectionManager  - Releasing connection org.apache.http.impl.conn.ManagedClientConnectionImpl@25d9298e
3734465 [main] DEBUG org.apache.http.impl.conn.BasicClientConnectionManager  - Releasing connection org.apache.http.impl.conn.ManagedClientConnectionImpl@25d9298e
3734465 [main] DEBUG org.apache.http.impl.conn.BasicClientConnectionManager  - Releasing connection org.apache.http.impl.conn.ManagedClientConnectionImpl@25d9298e
3734465 [main] DEBUG org.apache.http.impl.conn.BasicClientConnectionManager  - Releasing connection org.apache.http.impl.conn.ManagedClientConnectionImpl@25d9298e
3734465 [main] DEBUG org.apache.http.impl.conn.BasicClientConnectionManager  - Releasing connection org.apache.http.impl.conn.ManagedClientConnectionImpl@25d9298e
3734465 [main] DEBUG org.apache.http.impl.conn.BasicClientConnectionManager  - Releasing connection org.apache.http.impl.conn.ManagedClientConnectionImpl@25d9298e
3734465 [main] DEBUG org.apache.http.impl.conn.BasicClientConnectionManager  - Releasing connection org.apache.http.impl.conn.ManagedClientConnectionImpl@25d9298e
3734465 [main] DEBUG org.apache.http.impl.conn.BasicClientConnectionManager  - Releasing connection org.apache.http.impl.conn.ManagedClientConnectionImpl@25d9298e
3734465 [main] DEBUG org.apache.http.impl.conn.BasicClientConnectionManager  - Releasing connection org.apache.http.impl.conn.ManagedClientConnectionImpl@25d9298e
3734465 [main] DEBUG org.apache.http.impl.conn.BasicClientConnectionManager  - Releasing connection org.apache.http.impl.conn.ManagedClientConnectionImpl@25d9298e
3734466 [main] DEBUG org.apache.http.impl.conn.BasicClientConnectionManager  - Connection can be kept alive indefinitely
3734466 [main] DEBUG org.apache.http.impl.conn.BasicClientConnectionManager  - Connection can be kept alive indefinitely
3734466 [main] DEBUG org.apache.http.impl.conn.BasicClientConnectionManager  - Connection can be kept alive indefinitely
3734466 [main] DEBUG org.apache.http.impl.conn.BasicClientConnectionManager  - Connection can be kept alive indefinitely
3734466 [main] DEBUG org.apache.http.impl.conn.BasicClientConnectionManager  - Connection can be kept alive indefinitely
3734466 [main] DEBUG org.apache.http.impl.conn.BasicClientConnectionManager  - Connection can be kept alive indefinitely
3734466 [main] DEBUG org.apache.http.impl.conn.BasicClientConnectionManager  - Connection can be kept alive indefinitely
3734466 [main] DEBUG org.apache.http.impl.conn.BasicClientConnectionManager  - Connection can be kept alive indefinitely
3734466 [main] DEBUG org.apache.http.impl.conn.BasicClientConnectionManager  - Connection can be kept alive indefinitely
3734466 [main] DEBUG org.apache.http.impl.conn.BasicClientConnectionManager  - Connection can be kept alive indefinitely
3734466 [main] DEBUG org.apache.http.impl.conn.BasicClientConnectionManager  - Connection can be kept alive indefinitely
3734466 [main] DEBUG org.apache.http.impl.conn.BasicClientConnectionManager  - Connection can be kept alive indefinitely
3734466 [main] DEBUG org.apache.http.impl.conn.BasicClientConnectionManager  - Connection can be kept alive indefinitely
3734466 [main] DEBUG org.apache.http.impl.conn.BasicClientConnectionManager  - Connection can be kept alive indefinitely
3734466 [main] DEBUG org.apache.http.impl.conn.BasicClientConnectionManager  - Connection can be kept alive indefinitely
{
    "message": "Lead with phone number '+918310744975' deleted successfully."
}
{
    "message": "Lead with phone number '+918310744975' deleted successfully."
}]]></system-out>
  </testcase>
</testsuite>