<?xml version="1.0" encoding="UTF-8"?>
<!-- Generated by org.testng.reporters.JUnitXMLReporter -->
<testsuite ignored="0" hostname="Manjunaths-MacBook-Air.local" failures="2" tests="6" name="PatientPortal" time="105.536" errors="0" timestamp="27 Sep 2019 12:20:48 GMT">
  <testcase classname="com.onco.webtests.NewUserOpinionUSPanel" name="@BeforeClass delete" time="18.214">
    <failure type="java.io.FileNotFoundException" message="/Users/manjunathdj/Applications/OncoWeb/src/resources/application.properties (No such file or directory)">
      <![CDATA[java.io.FileNotFoundException: /Users/manjunathdj/Applications/OncoWeb/src/resources/application.properties (No such file or directory)
at java.base/java.io.FileInputStream.open0(Native Method)
at java.base/java.io.FileInputStream.open(FileInputStream.java:213)
at java.base/java.io.FileInputStream.<init>(FileInputStream.java:155)
at java.base/java.io.FileReader.<init>(FileReader.java:75)
at com.onco.util.PropertiesData.loadData(PropertiesData.java:20)
at com.onco.util.PropertiesData.getObject(PropertiesData.java:26)
at com.onco.webtests.NewUserOpinionUSPanel.delete(NewUserOpinionUSPanel.java:46)
... Removed 26 stack frames]]>
    </failure>
  </testcase> <!-- @BeforeClass delete -->
  <testcase classname="com.onco.testbase.BaseClass" name="@BeforeMethod openBrowser" time="0.0">
    <skipped/>
  </testcase> <!-- @BeforeMethod openBrowser -->
  <testcase classname="com.onco.testbase.BaseClass" name="@AfterMethod quit" time="0.0">
    <skipped/>
  </testcase> <!-- @AfterMethod quit -->
  <testcase classname="com.onco.webtests.NewUserOpinionIndianPanel" name="@BeforeClass delete" time="5.473">
    <failure type="java.io.FileNotFoundException" message="/Users/manjunathdj/Applications/OncoWeb/src/resources/application.properties (No such file or directory)">
      <![CDATA[java.io.FileNotFoundException: /Users/manjunathdj/Applications/OncoWeb/src/resources/application.properties (No such file or directory)
at java.base/java.io.FileInputStream.open0(Native Method)
at java.base/java.io.FileInputStream.open(FileInputStream.java:213)
at java.base/java.io.FileInputStream.<init>(FileInputStream.java:155)
at java.base/java.io.FileReader.<init>(FileReader.java:75)
at com.onco.util.PropertiesData.loadData(PropertiesData.java:20)
at com.onco.util.PropertiesData.getObject(PropertiesData.java:26)
at com.onco.webtests.NewUserOpinionIndianPanel.delete(NewUserOpinionIndianPanel.java:45)
... Removed 26 stack frames]]>
    </failure>
  </testcase> <!-- @BeforeClass delete -->
  <testcase classname="com.onco.testbase.BaseClass" name="@BeforeMethod openBrowser" time="0.0">
    <skipped/>
  </testcase> <!-- @BeforeMethod openBrowser -->
  <testcase classname="com.onco.testbase.BaseClass" name="@AfterMethod quit" time="0.0">
    <skipped/>
  </testcase> <!-- @AfterMethod quit -->
  <testcase classname="com.onco.webtests.NewUserDiagnostictests" name="@BeforeClass delete" time="0.0">
    <failure type="org.testng.TestNGException" message="
Parameter &amp;apos;phone&amp;apos; is required by BeforeClass on method delete but has not been marked @Optional or defined
in /Users/manjunathdj/Applications/OncoWeb/Suites/testngProd.xml">
      <![CDATA[org.testng.TestNGException: 
Parameter 'phone' is required by BeforeClass on method delete but has not been marked @Optional or defined
in /Users/manjunathdj/Applications/OncoWeb/Suites/testngProd.xml
... Removed 23 stack frames]]>
    </failure>
  </testcase> <!-- @BeforeClass delete -->
  <testcase classname="com.onco.webtests.NewUserAppointmentPayathospital" name="@BeforeClass delete" time="15.838">
    <failure type="java.io.FileNotFoundException" message="/Users/manjunathdj/Applications/OncoWeb/src/resources/application.properties (No such file or directory)">
      <![CDATA[java.io.FileNotFoundException: /Users/manjunathdj/Applications/OncoWeb/src/resources/application.properties (No such file or directory)
at java.base/java.io.FileInputStream.open0(Native Method)
at java.base/java.io.FileInputStream.open(FileInputStream.java:213)
at java.base/java.io.FileInputStream.<init>(FileInputStream.java:155)
at java.base/java.io.FileReader.<init>(FileReader.java:75)
at com.onco.util.PropertiesData.loadData(PropertiesData.java:20)
at com.onco.util.PropertiesData.getObject(PropertiesData.java:26)
at com.onco.webtests.NewUserAppointmentPayathospital.delete(NewUserAppointmentPayathospital.java:46)
... Removed 26 stack frames]]>
    </failure>
  </testcase> <!-- @BeforeClass delete -->
  <testcase classname="com.onco.testbase.BaseClass" name="@BeforeMethod openBrowser" time="0.0">
    <skipped/>
  </testcase> <!-- @BeforeMethod openBrowser -->
  <testcase classname="com.onco.testbase.BaseClass" name="@AfterMethod quit" time="0.0">
    <skipped/>
  </testcase> <!-- @AfterMethod quit -->
  <testcase classname="com.onco.webtests.NewUserAppointmentBookOnPriority" name="@BeforeClass delete" time="4.702">
    <failure type="java.io.FileNotFoundException" message="/Users/manjunathdj/Applications/OncoWeb/src/resources/application.properties (No such file or directory)">
      <![CDATA[java.io.FileNotFoundException: /Users/manjunathdj/Applications/OncoWeb/src/resources/application.properties (No such file or directory)
at java.base/java.io.FileInputStream.open0(Native Method)
at java.base/java.io.FileInputStream.open(FileInputStream.java:213)
at java.base/java.io.FileInputStream.<init>(FileInputStream.java:155)
at java.base/java.io.FileReader.<init>(FileReader.java:75)
at com.onco.util.PropertiesData.loadData(PropertiesData.java:20)
at com.onco.util.PropertiesData.getObject(PropertiesData.java:26)
at com.onco.webtests.NewUserAppointmentBookOnPriority.delete(NewUserAppointmentBookOnPriority.java:47)
... Removed 26 stack frames]]>
    </failure>
  </testcase> <!-- @BeforeClass delete -->
  <testcase classname="com.onco.testbase.BaseClass" name="@BeforeMethod openBrowser" time="0.0">
    <skipped/>
  </testcase> <!-- @BeforeMethod openBrowser -->
  <testcase classname="com.onco.testbase.BaseClass" name="@AfterMethod quit" time="0.0">
    <skipped/>
  </testcase> <!-- @AfterMethod quit -->
  <testcase classname="com.onco.webtests.NewUserOpinionUSPanel" name="newUserOpinionUSPanal" time="0.0">
    <skipped/>
  </testcase> <!-- newUserOpinionUSPanal -->
  <testcase classname="com.onco.webtests.NewUserOpinionIndianPanel" name="newUserOpinionIndiaPanal" time="0.0">
    <skipped/>
  </testcase> <!-- newUserOpinionIndiaPanal -->
  <testcase classname="com.onco.webtests.NewUserDiagnostictests" name="newUserDiagnostic" time="0.0">
    <failure type="org.testng.TestNGException" message="
Parameter &amp;apos;name&amp;apos; is required by @Test on method newUserDiagnostic but has not been marked @Optional or defined
in /Users/manjunathdj/Applications/OncoWeb/Suites/testngProd.xml">
      <![CDATA[org.testng.TestNGException: 
Parameter 'name' is required by @Test on method newUserDiagnostic but has not been marked @Optional or defined
in /Users/manjunathdj/Applications/OncoWeb/Suites/testngProd.xml
... Removed 24 stack frames]]>
    </failure>
  </testcase> <!-- newUserDiagnostic -->
  <testcase classname="com.onco.webtests.NewUserAppointmentPayathospital" name="newUserAppointmentPayAtHospital" time="0.0">
    <skipped/>
  </testcase> <!-- newUserAppointmentPayAtHospital -->
  <testcase classname="com.onco.webtests.NewUserAppointmentBookOnPriority" name="newUserAppointmentBookOnPriority" time="0.0">
    <skipped/>
  </testcase> <!-- newUserAppointmentBookOnPriority -->
  <testcase classname="com.onco.webtests.ExistingUserOpinionIndiaPanal" name="newuser" time="0.005">
    <failure type="java.io.FileNotFoundException" message="/Users/manjunathdj/Applications/OncoWeb/src/resources/application.properties (No such file or directory)">
      <![CDATA[java.io.FileNotFoundException: /Users/manjunathdj/Applications/OncoWeb/src/resources/application.properties (No such file or directory)
at java.base/java.io.FileInputStream.open0(Native Method)
at java.base/java.io.FileInputStream.open(FileInputStream.java:213)
at java.base/java.io.FileInputStream.<init>(FileInputStream.java:155)
at java.base/java.io.FileReader.<init>(FileReader.java:75)
at com.onco.util.PropertiesData.loadData(PropertiesData.java:20)
at com.onco.util.PropertiesData.getObject(PropertiesData.java:26)
at com.onco.webtests.ExistingUserOpinionIndiaPanal.newuser(ExistingUserOpinionIndiaPanal.java:23)
... Removed 25 stack frames]]>
    </failure>
  </testcase> <!-- newuser -->
</testsuite> <!-- PatientPortal -->
