<?xml version="1.0" encoding="UTF-8"?>
<!-- Generated by org.testng.reporters.JUnitXMLReporter -->
<testsuite hostname="DESKTOP-6O9KBK7" ignored="0" name="ParallelTest3 Browser Chrome" tests="2" failures="0" timestamp="24 Jul 2018 08:42:41 GMT" time="128.218" errors="0">
  <testcase name="SingleTruckUsingCoupon" time="51.997" classname="com.silvermine.test.SingleTruckFilingUsingCoupon"/>
  <testcase name="SingleTruckTaxableTest" time="54.091" classname="com.silvermine.test.SingleTruckFilingTaxable"/>
</testsuite> <!-- ParallelTest3 Browser Chrome -->
