<?xml version="1.0" encoding="UTF-8"?>
<!-- Generated by org.testng.reporters.JUnitXMLReporter -->
<testsuite hostname="DESKTOP-6O9KBK7" ignored="0" name="ParallelTest3 Browser Safari" tests="1" failures="0" timestamp="24 Jul 2018 06:56:20 GMT" time="0.013" errors="0">
  <testcase name="@BeforeMethod openBrowser" time="0.003" classname="com.silvermine.testbase.BaseClass">
    <failure type="java.lang.NullPointerException">
      <![CDATA[java.lang.NullPointerException
at com.silvermine.testbase.BaseClass.openBrowser(BaseClass.java:32)
at java.util.concurrent.FutureTask.run(Unknown Source)
at java.util.concurrent.ThreadPoolExecutor.runWorker(Unknown Source)
at java.util.concurrent.ThreadPoolExecutor$Worker.run(Unknown Source)
at java.lang.Thread.run(Unknown Source)
... Removed 19 stack frames]]>
    </failure>
  </testcase> <!-- @BeforeMethod openBrowser -->
  <testcase name="SingleTruckTaxableTest" time="0.0" classname="com.silvermine.test.SingleTruckFilingTaxable">
    <skipped/>
  </testcase> <!-- SingleTruckTaxableTest -->
</testsuite> <!-- ParallelTest3 Browser Safari -->
