<?xml version="1.0" encoding="UTF-8"?>
<testng-results skipped="0" failed="0" total="1" passed="1">
  <reporter-output>
  </reporter-output>
  <suite name="Onco Staging" duration-ms="140956" started-at="2020-01-17T13:05:17Z" finished-at="2020-01-17T13:07:38Z">
    <groups>
    </groups>
    <test name="PatientPortal" duration-ms="140956" started-at="2020-01-17T13:05:17Z" finished-at="2020-01-17T13:07:38Z">
      <class name="com.onco.webtests.NewUserOpinionUSPanalWithoutCouponInitialAssessment">
        <test-method status="PASS" signature="delete(java.lang.String, java.lang.String, java.lang.String, java.lang.String, java.lang.String)[pri:0, instance:com.onco.webtests.NewUserOpinionUSPanalWithoutCouponInitialAssessment@6df97b55]" name="delete" is-config="true" duration-ms="24883" started-at="2020-01-17T18:35:17Z" finished-at="2020-01-17T18:35:42Z">
          <params>
            <param index="0">
              <value>
                <![CDATA[https://onco.com/start/delete-me]]>
              </value>
            </param>
            <param index="1">
              <value>
                <![CDATA[https://onco.com]]>
              </value>
            </param>
            <param index="2">
              <value>
                <![CDATA[Chrome]]>
              </value>
            </param>
            <param index="3">
              <value>
                <![CDATA[9036890379]]>
              </value>
            </param>
            <param index="4">
              <value>
                <![CDATA[5813]]>
              </value>
            </param>
          </params>
          <reporter-output>
          </reporter-output>
        </test-method> <!-- delete -->
        <test-method status="PASS" signature="openBrowser(java.lang.String, java.lang.String)[pri:0, instance:com.onco.webtests.NewUserOpinionUSPanalWithoutCouponInitialAssessment@6df97b55]" name="openBrowser" is-config="true" duration-ms="4640" started-at="2020-01-17T18:35:42Z" finished-at="2020-01-17T18:35:46Z">
          <params>
            <param index="0">
              <value>
                <![CDATA[Chrome]]>
              </value>
            </param>
            <param index="1">
              <value>
                <![CDATA[https://onco.com]]>
              </value>
            </param>
          </params>
          <reporter-output>
          </reporter-output>
        </test-method> <!-- openBrowser -->
        <test-method status="PASS" signature="newUserOpinionIndiaPanal(java.lang.String, java.lang.String, java.lang.String, java.lang.String, java.lang.String, java.lang.String)[pri:2, instance:com.onco.webtests.NewUserOpinionUSPanalWithoutCouponInitialAssessment@6df97b55]" name="newUserOpinionIndiaPanal" duration-ms="111302" started-at="2020-01-17T18:35:46Z" finished-at="2020-01-17T18:37:38Z">
          <params>
            <param index="0">
              <value>
                <![CDATA[test_onco]]>
              </value>
            </param>
            <param index="1">
              <value>
                <![CDATA[manjunath.11j@gmail.com]]>
              </value>
            </param>
            <param index="2">
              <value>
                <![CDATA[9036890379]]>
              </value>
            </param>
            <param index="3">
              <value>
                <![CDATA[5813]]>
              </value>
            </param>
            <param index="4">
              <value>
                <![CDATA[test_test]]>
              </value>
            </param>
            <param index="5">
              <value>
                <![CDATA[INDMA19]]>
              </value>
            </param>
          </params>
          <reporter-output>
          </reporter-output>
        </test-method> <!-- newUserOpinionIndiaPanal -->
        <test-method status="PASS" signature="quit(org.testng.ITestResult)[pri:0, instance:com.onco.webtests.NewUserOpinionUSPanalWithoutCouponInitialAssessment@6df97b55]" name="quit" is-config="true" duration-ms="118" started-at="2020-01-17T18:37:38Z" finished-at="2020-01-17T18:37:38Z">
          <params>
            <param index="0">
              <value>
                <![CDATA[[TestResult name=newUserOpinionIndiaPanal status=SUCCESS method=NewUserOpinionUSPanalWithoutCouponInitialAssessment.newUserOpinionIndiaPanal(java.lang.String, java.lang.String, java.lang.String, java.lang.String, java.lang.String, java.lang.String)[pri:2, instance:com.onco.webtests.NewUserOpinionUSPanalWithoutCouponInitialAssessment@6df97b55] output={null}]]]>
              </value>
            </param>
          </params>
          <reporter-output>
          </reporter-output>
        </test-method> <!-- quit -->
      </class> <!-- com.onco.webtests.NewUserOpinionUSPanalWithoutCouponInitialAssessment -->
    </test> <!-- PatientPortal -->
  </suite> <!-- Onco Staging -->
</testng-results>
