<?xml version="1.0" encoding="UTF-8"?>
<!-- Generated by org.testng.reporters.JUnitXMLReporter -->
<testsuite hostname="Manjunaths-MacBook-Pro.local" name="PatientPortal" tests="1" failures="0" timestamp="15 Jan 2020 08:42:04 GMT" time="6.109" errors="0">
  <testcase name="@BeforeClass delete" time="0.0" classname="com.onco.webtests.NewUserOpinionUSPanalWithoutCouponInitialAssessment">
    <failure type="org.openqa.selenium.ElementNotInteractableException" message="element not interactable
  (Session info: headless chrome=79.0.3945.117)
Build info: version: &amp;apos;3.141.59&amp;apos;, revision: &amp;apos;e82be7d358&amp;apos;, time: &amp;apos;2018-11-14T08:17:03&amp;apos;
System info: host: &amp;apos;Manjunaths-MacBook-Pro.local&amp;apos;, ip: &amp;apos;fe80:0:0:0:10fa:6580:9a74:3dc5%en0&amp;apos;, os.name: &amp;apos;Mac OS X&amp;apos;, os.arch: &amp;apos;x86_64&amp;apos;, os.version: &amp;apos;10.15.2&amp;apos;, java.version: &amp;apos;1.8.0_231&amp;apos;
Driver info: org.openqa.selenium.chrome.ChromeDriver
Capabilities {acceptInsecureCerts: false, browserName: chrome, browserVersion: 79.0.3945.117, chrome: {chromedriverVersion: 79.0.3945.36 (3582db32b3389..., userDataDir: /var/folders/p6/cbrrv70s47j...}, goog:chromeOptions: {debuggerAddress: localhost:58365}, javascriptEnabled: true, networkConnectionEnabled: false, pageLoadStrategy: normal, platform: MAC, platformName: MAC, proxy: Proxy(), setWindowRect: true, strictFileInteractability: false, timeouts: {implicit: 0, pageLoad: 300000, script: 30000}, unhandledPromptBehavior: dismiss and notify}
Session ID: 14a77f560bb673fd6b742b4e011e7163">
      <![CDATA[org.openqa.selenium.ElementNotInteractableException: element not interactable
  (Session info: headless chrome=79.0.3945.117)
Build info: version: '3.141.59', revision: 'e82be7d358', time: '2018-11-14T08:17:03'
System info: host: 'Manjunaths-MacBook-Pro.local', ip: 'fe80:0:0:0:10fa:6580:9a74:3dc5%en0', os.name: 'Mac OS X', os.arch: 'x86_64', os.version: '10.15.2', java.version: '1.8.0_231'
Driver info: org.openqa.selenium.chrome.ChromeDriver
Capabilities {acceptInsecureCerts: false, browserName: chrome, browserVersion: 79.0.3945.117, chrome: {chromedriverVersion: 79.0.3945.36 (3582db32b3389..., userDataDir: /var/folders/p6/cbrrv70s47j...}, goog:chromeOptions: {debuggerAddress: localhost:58365}, javascriptEnabled: true, networkConnectionEnabled: false, pageLoadStrategy: normal, platform: MAC, platformName: MAC, proxy: Proxy(), setWindowRect: true, strictFileInteractability: false, timeouts: {implicit: 0, pageLoad: 300000, script: 30000}, unhandledPromptBehavior: dismiss and notify}
Session ID: 14a77f560bb673fd6b742b4e011e7163
	at org.openqa.selenium.remote.http.W3CHttpResponseCodec.createException(W3CHttpResponseCodec.java:187)
	at org.openqa.selenium.remote.http.W3CHttpResponseCodec.decode(W3CHttpResponseCodec.java:122)
	at org.openqa.selenium.remote.http.W3CHttpResponseCodec.decode(W3CHttpResponseCodec.java:49)
	at org.openqa.selenium.remote.HttpCommandExecutor.execute(HttpCommandExecutor.java:158)
	at org.openqa.selenium.remote.service.DriverCommandExecutor.execute(DriverCommandExecutor.java:83)
	at org.openqa.selenium.remote.RemoteWebDriver.execute(RemoteWebDriver.java:552)
	at org.openqa.selenium.remote.RemoteWebElement.execute(RemoteWebElement.java:285)
	at org.openqa.selenium.remote.RemoteWebElement.click(RemoteWebElement.java:84)
	at org.openqa.selenium.support.pagefactory.internal.LocatingElementHandler.invoke(LocatingElementHandler.java:51)
	at com.sun.proxy.$Proxy10.click(Unknown Source)
	at com.onco.pages.SignUp.signupicon(SignUp.java:75)
	at com.onco.webtests.NewUserOpinionUSPanalWithoutCouponInitialAssessment.delete(NewUserOpinionUSPanalWithoutCouponInitialAssessment.java:43)
... Removed 32 stack frames]]>
    </failure>
  </testcase> <!-- @BeforeClass delete -->
  <testcase name="@BeforeMethod openBrowser" time="0.0" classname="com.onco.webtests.NewUserOpinionUSPanalWithoutCouponInitialAssessment">
    <skipped/>
  </testcase> <!-- @BeforeMethod openBrowser -->
  <testcase name="@AfterMethod quit" time="0.0" classname="com.onco.webtests.NewUserOpinionUSPanalWithoutCouponInitialAssessment">
    <skipped/>
  </testcase> <!-- @AfterMethod quit -->
  <testcase name="newUserOpinionIndiaPanal" time="0.002" classname="com.onco.webtests.NewUserOpinionUSPanalWithoutCouponInitialAssessment">
    <skipped/>
  </testcase> <!-- newUserOpinionIndiaPanal -->
</testsuite> <!-- PatientPortal -->
